#
# There is insufficient memory for the Java Runtime Environment to continue.
# Native memory allocation (malloc) failed to allocate 65552 bytes for Chunk::new
# Possible reasons:
#   The system is out of physical RAM or swap space
#   The process is running with CompressedOops enabled, and the Java Heap may be blocking the growth of the native heap
# Possible solutions:
#   Reduce memory load on the system
#   Increase physical memory or swap space
#   Check if swap backing store is full
#   Decrease Java heap size (-Xmx/-Xms)
#   Decrease number of Java threads
#   Decrease Java thread stack sizes (-Xss)
#   Set larger code cache with -XX:ReservedCodeCacheSize=
#   JVM is running with Unscaled Compressed Oops mode in which the Java heap is
#     placed in the first 4GB address space. The Java Heap base address is the
#     maximum limit for the native heap growth. Please use -XX:HeapBaseMinAddress
#     to set the Java Heap base and to place the Java Heap above 4GB virtual address.
# This output file may be truncated or incomplete.
#
#  Out of Memory Error (allocation.cpp:389), pid=12788, tid=0x0000000000000968
#
# JRE version: OpenJDK Runtime Environment (8.0_242-b01) (build 1.8.0_242-release-1644-b01)
# Java VM: OpenJDK 64-Bit Server VM (25.242-b01 mixed mode windows-amd64 compressed oops)
# Failed to write core dump. Minidumps are not enabled by default on client versions of Windows
#

---------------  T H R E A D  ---------------

Current thread (0x000000001823c000):  JavaThread "C2 CompilerThread1" daemon [_thread_in_native, id=2408, stack(0x00000000188f0000,0x00000000189f0000)]

Stack: [0x00000000188f0000,0x00000000189f0000]
[error occurred during error reporting (printing stack bounds), id 0xc0000005]

Native frames: (J=compiled Java code, j=interpreted, Vv=VM code, C=native code)


Current CompileTask:
C2: 276256 7736       4       org.gradle.internal.logging.sink.OutputEventTransformer::onOutput (399 bytes)


---------------  P R O C E S S  ---------------

Java Threads: ( => current thread )
  0x0000000019e0d800 JavaThread "Build operations Thread 6" [_thread_blocked, id=10984, stack(0x0000000022e60000,0x0000000022f60000)]
  0x0000000019e09000 JavaThread "Build operations Thread 5" [_thread_blocked, id=4088, stack(0x0000000022d60000,0x0000000022e60000)]
  0x0000000019e0c000 JavaThread "Build operations Thread 4" [_thread_blocked, id=4040, stack(0x0000000022c60000,0x0000000022d60000)]
  0x0000000019e0a800 JavaThread "Build operations Thread 3" [_thread_blocked, id=13516, stack(0x0000000021510000,0x0000000021610000)]
  0x0000000019e0b800 JavaThread "Build operations Thread 2" [_thread_blocked, id=3360, stack(0x0000000021180000,0x0000000021280000)]
  0x0000000019e08800 JavaThread "Build operations" [_thread_blocked, id=13308, stack(0x0000000021080000,0x0000000021180000)]
  0x0000000019e0a000 JavaThread "Cache worker for execution history cache (C:\Users\Administrator\.gradle\caches\5.6.4\executionHistory)" [_thread_blocked, id=12588, stack(0x0000000020a50000,0x0000000020b50000)]
  0x000000001a75b800 JavaThread "Cache worker for cache directory md-rule (C:\Users\Administrator\.gradle\caches\5.6.4\md-rule)" [_thread_blocked, id=9732, stack(0x0000000020750000,0x0000000020850000)]
  0x000000001a75a800 JavaThread "Cache worker for cache directory md-supplier (C:\Users\Administrator\.gradle\caches\5.6.4\md-supplier)" [_thread_blocked, id=12712, stack(0x0000000020370000,0x0000000020470000)]
  0x000000001a75f000 JavaThread "Cache worker for file hash cache (F:\AndroidProject\SunnyWeather\.gradle\5.6.4\fileHashes)" [_thread_blocked, id=6812, stack(0x000000001ea40000,0x000000001eb40000)]
  0x000000001a75e800 JavaThread "Cache worker for journal cache (C:\Users\Administrator\.gradle\caches\journal-1)" [_thread_blocked, id=2368, stack(0x000000001c7a0000,0x000000001c8a0000)]
  0x000000001a75c000 JavaThread "File lock request listener" [_thread_in_native, id=11064, stack(0x000000001c6a0000,0x000000001c7a0000)]
  0x000000001aaab000 JavaThread "Cache worker for file hash cache (C:\Users\Administrator\.gradle\caches\5.6.4\fileHashes)" [_thread_blocked, id=3520, stack(0x000000001c5a0000,0x000000001c6a0000)]
  0x000000001a85a000 JavaThread "Thread-9" [_thread_blocked, id=8652, stack(0x000000001c2a0000,0x000000001c3a0000)]
  0x000000001a858000 JavaThread "Asynchronous log dispatcher for DefaultDaemonConnection: socket connection from /127.0.0.1:2082 to /127.0.0.1:2083" [_thread_blocked, id=4904, stack(0x000000001c0a0000,0x000000001c1a0000)]
  0x000000001a862800 JavaThread "Daemon worker" [_thread_in_Java, id=5856, stack(0x000000001bfa0000,0x000000001c0a0000)]
  0x000000001a862000 JavaThread "Cancel handler" [_thread_blocked, id=12900, stack(0x000000001bea0000,0x000000001bfa0000)]
  0x000000001a82e000 JavaThread "Handler for socket connection from /127.0.0.1:2082 to /127.0.0.1:2083" [_thread_in_native, id=13388, stack(0x000000001bba0000,0x000000001bca0000)]
  0x000000001a7b6800 JavaThread "Daemon" [_thread_blocked, id=8904, stack(0x000000001baa0000,0x000000001bba0000)]
  0x000000001a7af800 JavaThread "Daemon periodic checks" [_thread_blocked, id=3676, stack(0x000000001b9a0000,0x000000001baa0000)]
  0x000000001a7ac800 JavaThread "Incoming local TCP Connector on port 2082" [_thread_in_native, id=11020, stack(0x000000001b7f0000,0x000000001b8f0000)]
  0x000000001a721800 JavaThread "Daemon health stats" [_thread_blocked, id=4716, stack(0x000000001b4d0000,0x000000001b5d0000)]
  0x00000000182c1800 JavaThread "Service Thread" daemon [_thread_blocked, id=10372, stack(0x0000000018af0000,0x0000000018bf0000)]
  0x000000001823d000 JavaThread "C1 CompilerThread2" daemon [_thread_in_native, id=12620, stack(0x00000000189f0000,0x0000000018af0000)]
=>0x000000001823c000 JavaThread "C2 CompilerThread1" daemon [_thread_in_native, id=2408, stack(0x00000000188f0000,0x00000000189f0000)]
  0x000000001823a000 JavaThread "C2 CompilerThread0" daemon [_thread_in_native, id=5192, stack(0x00000000187f0000,0x00000000188f0000)]
  0x0000000016820000 JavaThread "Attach Listener" daemon [_thread_blocked, id=8040, stack(0x00000000186f0000,0x00000000187f0000)]
  0x000000001681f000 JavaThread "Signal Dispatcher" daemon [_thread_blocked, id=11708, stack(0x00000000185f0000,0x00000000186f0000)]
  0x0000000002c3a800 JavaThread "Finalizer" daemon [_thread_blocked, id=13332, stack(0x0000000018090000,0x0000000018190000)]
  0x0000000002c32800 JavaThread "Reference Handler" daemon [_thread_blocked, id=9332, stack(0x0000000017f90000,0x0000000018090000)]
  0x0000000002b42800 JavaThread "main" [_thread_blocked, id=5440, stack(0x0000000002a40000,0x0000000002b40000)]

Other Threads:
  0x00000000167d7800 VMThread [stack: 0x0000000017e90000,0x0000000017f90000] [id=6636]
  0x00000000182c3800 WatcherThread [stack: 0x0000000018bf0000,0x0000000018cf0000] [id=13280]

VM state:not at safepoint (normal execution)

VM Mutex/Monitor currently owned by a thread: None

heap address: 0x00000000a0000000, size: 1536 MB, Compressed Oops mode: 32-bit
Narrow klass base: 0x0000000000000000, Narrow klass shift: 3
Compressed class space size: 1073741824 Address: 0x0000000100000000

Heap:
 PSYoungGen      total 263168K, used 98418K [0x00000000e0000000, 0x00000000f6f00000, 0x0000000100000000)
  eden space 261120K, 36% used [0x00000000e0000000,0x00000000e5e31028,0x00000000eff00000)
  from space 2048K, 96% used [0x00000000f6d00000,0x00000000f6eeb8e0,0x00000000f6f00000)
  to   space 15872K, 0% used [0x00000000f5000000,0x00000000f5000000,0x00000000f5f80000)
 ParOldGen       total 84480K, used 28493K [0x00000000a0000000, 0x00000000a5280000, 0x00000000e0000000)
  object space 84480K, 33% used [0x00000000a0000000,0x00000000a1bd37d0,0x00000000a5280000)
 Metaspace       used 47798K, capacity 49150K, committed 49408K, reserved 1091584K
  class space    used 6044K, capacity 6380K, committed 6400K, reserved 1048576K

Card table byte_map: [0x0000000012000000,0x0000000012310000] byte_map_base: 0x0000000011b00000

Marking Bits: (ParMarkBitMap*) 0x0000000056eaf030
 Begin Bits: [0x0000000012b10000, 0x0000000014310000)
 End Bits:   [0x0000000014310000, 0x0000000015b10000)

Polling page: 0x0000000000aa0000

CodeCache: size=245760Kb used=22831Kb max_used=23113Kb free=222928Kb
 bounds [0x0000000002c40000, 0x0000000004320000, 0x0000000011c40000]
 total_blobs=7252 nmethods=6453 adapters=711
 compilation: enabled

Compilation events (10 events):
Event: 276.214 Thread 0x000000001823d000 nmethod 7737 0x0000000003232850 code [0x0000000003232a20, 0x0000000003233448]
Event: 276.214 Thread 0x000000001823d000 7740       3       org.gradle.internal.operations.logging.LoggingBuildOperationProgressBroadcaster::onOutput (105 bytes)
Event: 276.214 Thread 0x000000001823d000 nmethod 7740 0x0000000003691c10 code [0x0000000003691e20, 0x0000000003692eb8]
Event: 276.215 Thread 0x000000001823d000 7744       3       org.gradle.internal.logging.sink.OutputEventListenerManager$1::onOutput (33 bytes)
Event: 276.215 Thread 0x000000001823d000 nmethod 7744 0x00000000032321d0 code [0x0000000003232360, 0x00000000032326b8]
Event: 276.215 Thread 0x000000001823d000 7745       3       org.gradle.internal.logging.console.BuildLogLevelFilterRenderer::onOutput (53 bytes)
Event: 276.215 Thread 0x000000001823d000 nmethod 7745 0x0000000004255e90 code [0x0000000004256040, 0x0000000004256798]
Event: 276.215 Thread 0x000000001823d000 7747       3       org.gradle.internal.logging.sink.ProgressLogEventGenerator::onOutput (72 bytes)
Event: 276.215 Thread 0x000000001823d000 nmethod 7747 0x0000000004263d50 code [0x0000000004263f40, 0x0000000004264998]
Event: 276.215 Thread 0x000000001823d000 7742       3       org.gradle.internal.logging.console.StyledTextOutputBackedRenderer::onOutput (260 bytes)

GC Heap History (10 events):
Event: 9.215 GC heap before
{Heap before GC invocations=14 (full 1):
 PSYoungGen      total 212992K, used 205568K [0x00000000e0000000, 0x00000000ee200000, 0x0000000100000000)
  eden space 204800K, 100% used [0x00000000e0000000,0x00000000ec800000,0x00000000ec800000)
  from space 8192K, 9% used [0x00000000eda00000,0x00000000edac0000,0x00000000ee200000)
  to   space 13312K, 0% used [0x00000000ec800000,0x00000000ec800000,0x00000000ed500000)
 ParOldGen       total 58368K, used 16029K [0x00000000a0000000, 0x00000000a3900000, 0x00000000e0000000)
  object space 58368K, 27% used [0x00000000a0000000,0x00000000a0fa74d0,0x00000000a3900000)
 Metaspace       used 33588K, capacity 34336K, committed 34560K, reserved 1079296K
  class space    used 4521K, capacity 4742K, committed 4864K, reserved 1048576K
Event: 9.219 GC heap after
Heap after GC invocations=14 (full 1):
 PSYoungGen      total 218112K, used 6619K [0x00000000e0000000, 0x00000000f2280000, 0x0000000100000000)
  eden space 204800K, 0% used [0x00000000e0000000,0x00000000e0000000,0x00000000ec800000)
  from space 13312K, 49% used [0x00000000ec800000,0x00000000ece76e18,0x00000000ed500000)
  to   space 12800K, 0% used [0x00000000f1600000,0x00000000f1600000,0x00000000f2280000)
 ParOldGen       total 58368K, used 16637K [0x00000000a0000000, 0x00000000a3900000, 0x00000000e0000000)
  object space 58368K, 28% used [0x00000000a0000000,0x00000000a103f4d0,0x00000000a3900000)
 Metaspace       used 33588K, capacity 34336K, committed 34560K, reserved 1079296K
  class space    used 4521K, capacity 4742K, committed 4864K, reserved 1048576K
}
Event: 9.518 GC heap before
{Heap before GC invocations=15 (full 1):
 PSYoungGen      total 218112K, used 67911K [0x00000000e0000000, 0x00000000f2280000, 0x0000000100000000)
  eden space 204800K, 29% used [0x00000000e0000000,0x00000000e3bdb088,0x00000000ec800000)
  from space 13312K, 49% used [0x00000000ec800000,0x00000000ece76e18,0x00000000ed500000)
  to   space 12800K, 0% used [0x00000000f1600000,0x00000000f1600000,0x00000000f2280000)
 ParOldGen       total 58368K, used 16637K [0x00000000a0000000, 0x00000000a3900000, 0x00000000e0000000)
  object space 58368K, 28% used [0x00000000a0000000,0x00000000a103f4d0,0x00000000a3900000)
 Metaspace       used 34581K, capacity 35472K, committed 35496K, reserved 1079296K
  class space    used 4607K, capacity 4861K, committed 4864K, reserved 1048576K
Event: 9.522 GC heap after
Heap after GC invocations=15 (full 1):
 PSYoungGen      total 284672K, used 2824K [0x00000000e0000000, 0x00000000f2880000, 0x0000000100000000)
  eden space 271872K, 0% used [0x00000000e0000000,0x00000000e0000000,0x00000000f0980000)
  from space 12800K, 22% used [0x00000000f1600000,0x00000000f18c2240,0x00000000f2280000)
  to   space 12800K, 0% used [0x00000000f0980000,0x00000000f0980000,0x00000000f1600000)
 ParOldGen       total 58368K, used 23232K [0x00000000a0000000, 0x00000000a3900000, 0x00000000e0000000)
  object space 58368K, 39% used [0x00000000a0000000,0x00000000a16b02e8,0x00000000a3900000)
 Metaspace       used 34581K, capacity 35472K, committed 35496K, reserved 1079296K
  class space    used 4607K, capacity 4861K, committed 4864K, reserved 1048576K
}
Event: 9.522 GC heap before
{Heap before GC invocations=16 (full 2):
 PSYoungGen      total 284672K, used 2824K [0x00000000e0000000, 0x00000000f2880000, 0x0000000100000000)
  eden space 271872K, 0% used [0x00000000e0000000,0x00000000e0000000,0x00000000f0980000)
  from space 12800K, 22% used [0x00000000f1600000,0x00000000f18c2240,0x00000000f2280000)
  to   space 12800K, 0% used [0x00000000f0980000,0x00000000f0980000,0x00000000f1600000)
 ParOldGen       total 58368K, used 23232K [0x00000000a0000000, 0x00000000a3900000, 0x00000000e0000000)
  object space 58368K, 39% used [0x00000000a0000000,0x00000000a16b02e8,0x00000000a3900000)
 Metaspace       used 34581K, capacity 35472K, committed 35496K, reserved 1079296K
  class space    used 4607K, capacity 4861K, committed 4864K, reserved 1048576K
Event: 9.551 GC heap after
Heap after GC invocations=16 (full 2):
 PSYoungGen      total 284672K, used 0K [0x00000000e0000000, 0x00000000f2880000, 0x0000000100000000)
  eden space 271872K, 0% used [0x00000000e0000000,0x00000000e0000000,0x00000000f0980000)
  from space 12800K, 0% used [0x00000000f1600000,0x00000000f1600000,0x00000000f2280000)
  to   space 12800K, 0% used [0x00000000f0980000,0x00000000f0980000,0x00000000f1600000)
 ParOldGen       total 84480K, used 15427K [0x00000000a0000000, 0x00000000a5280000, 0x00000000e0000000)
  object space 84480K, 18% used [0x00000000a0000000,0x00000000a0f10eb8,0x00000000a5280000)
 Metaspace       used 34515K, capacity 35344K, committed 35496K, reserved 1079296K
  class space    used 4588K, capacity 4841K, committed 4864K, reserved 1048576K
}
Event: 46.601 GC heap before
{Heap before GC invocations=17 (full 2):
 PSYoungGen      total 284672K, used 271872K [0x00000000e0000000, 0x00000000f2880000, 0x0000000100000000)
  eden space 271872K, 100% used [0x00000000e0000000,0x00000000f0980000,0x00000000f0980000)
  from space 12800K, 0% used [0x00000000f1600000,0x00000000f1600000,0x00000000f2280000)
  to   space 12800K, 0% used [0x00000000f0980000,0x00000000f0980000,0x00000000f1600000)
 ParOldGen       total 84480K, used 15427K [0x00000000a0000000, 0x00000000a5280000, 0x00000000e0000000)
  object space 84480K, 18% used [0x00000000a0000000,0x00000000a0f10eb8,0x00000000a5280000)
 Metaspace       used 47081K, capacity 48302K, committed 48640K, reserved 1091584K
  class space    used 5996K, capacity 6308K, committed 6400K, reserved 1048576K
Event: 46.610 GC heap after
Heap after GC invocations=17 (full 2):
 PSYoungGen      total 284672K, used 12785K [0x00000000e0000000, 0x00000000f7c80000, 0x0000000100000000)
  eden space 271872K, 0% used [0x00000000e0000000,0x00000000e0000000,0x00000000f0980000)
  from space 12800K, 99% used [0x00000000f0980000,0x00000000f15fc730,0x00000000f1600000)
  to   space 15872K, 0% used [0x00000000f6d00000,0x00000000f6d00000,0x00000000f7c80000)
 ParOldGen       total 84480K, used 18618K [0x00000000a0000000, 0x00000000a5280000, 0x00000000e0000000)
  object space 84480K, 22% used [0x00000000a0000000,0x00000000a122e968,0x00000000a5280000)
 Metaspace       used 47081K, capacity 48302K, committed 48640K, reserved 1091584K
  class space    used 5996K, capacity 6308K, committed 6400K, reserved 1048576K
}
Event: 137.997 GC heap before
{Heap before GC invocations=18 (full 2):
 PSYoungGen      total 284672K, used 284657K [0x00000000e0000000, 0x00000000f7c80000, 0x0000000100000000)
  eden space 271872K, 100% used [0x00000000e0000000,0x00000000f0980000,0x00000000f0980000)
  from space 12800K, 99% used [0x00000000f0980000,0x00000000f15fc730,0x00000000f1600000)
  to   space 15872K, 0% used [0x00000000f6d00000,0x00000000f6d00000,0x00000000f7c80000)
 ParOldGen       total 84480K, used 18618K [0x00000000a0000000, 0x00000000a5280000, 0x00000000e0000000)
  object space 84480K, 22% used [0x00000000a0000000,0x00000000a122e968,0x00000000a5280000)
 Metaspace       used 47304K, capacity 48548K, committed 48640K, reserved 1091584K
  class space    used 6004K, capacity 6317K, committed 6400K, reserved 1048576K
Event: 138.003 GC heap after
Heap after GC invocations=18 (full 2):
 PSYoungGen      total 263168K, used 1966K [0x00000000e0000000, 0x00000000f6f00000, 0x0000000100000000)
  eden space 261120K, 0% used [0x00000000e0000000,0x00000000e0000000,0x00000000eff00000)
  from space 2048K, 96% used [0x00000000f6d00000,0x00000000f6eeb8e0,0x00000000f6f00000)
  to   space 15872K, 0% used [0x00000000f5000000,0x00000000f5000000,0x00000000f5f80000)
 ParOldGen       total 84480K, used 28493K [0x00000000a0000000, 0x00000000a5280000, 0x00000000e0000000)
  object space 84480K, 33% used [0x00000000a0000000,0x00000000a1bd37d0,0x00000000a5280000)
 Metaspace       used 47304K, capacity 48548K, committed 48640K, reserved 1091584K
  class space    used 6004K, capacity 6317K, committed 6400K, reserved 1048576K
}

Deoptimization events (10 events):
Event: 276.181 Thread 0x000000001a862800 Uncommon trap: reason=unstable_if action=reinterpret pc=0x000000000427eab4 method=org.gradle.internal.operations.logging.LoggingBuildOperationProgressBroadcaster.onOutput(Lorg/gradle/internal/logging/events/OutputEvent;)V @ 4
Event: 276.181 Thread 0x000000001a862800 Uncommon trap: reason=class_check action=maybe_recompile pc=0x000000000423290c method=org.gradle.internal.logging.sink.OutputEventTransformer.onOutput(Lorg/gradle/internal/logging/events/OutputEvent;)V @ 287
Event: 276.181 Thread 0x000000001a862800 Uncommon trap: reason=unstable_if action=reinterpret pc=0x0000000004246d8c method=org.gradle.internal.logging.sink.ProgressLogEventGenerator.onOutput(Lorg/gradle/internal/logging/events/OutputEvent;)V @ 40
Event: 276.181 Thread 0x000000001a862800 Uncommon trap: reason=unstable_if action=reinterpret pc=0x000000000325f9b4 method=org.gradle.internal.operations.logging.LoggingBuildOperationProgressBroadcaster.onOutput(Lorg/gradle/internal/logging/events/OutputEvent;)V @ 4
Event: 276.182 Thread 0x000000001a862800 Uncommon trap: reason=class_check action=maybe_recompile pc=0x000000000423290c method=org.gradle.internal.logging.sink.OutputEventTransformer.onOutput(Lorg/gradle/internal/logging/events/OutputEvent;)V @ 287
Event: 276.182 Thread 0x000000001a862800 Uncommon trap: reason=class_check action=maybe_recompile pc=0x000000000423290c method=org.gradle.internal.logging.sink.OutputEventTransformer.onOutput(Lorg/gradle/internal/logging/events/OutputEvent;)V @ 287
Event: 276.212 Thread 0x000000001a862800 Uncommon trap: reason=class_check action=maybe_recompile pc=0x0000000003d7aa1c method=java.util.Collections$SetFromMap.add(Ljava/lang/Object;)Z @ 8
Event: 276.212 Thread 0x000000001a862800 Uncommon trap: reason=class_check action=maybe_recompile pc=0x0000000003d7aa1c method=java.util.Collections$SetFromMap.add(Ljava/lang/Object;)Z @ 8
Event: 276.212 Thread 0x000000001a862800 Uncommon trap: reason=class_check action=maybe_recompile pc=0x0000000003d7aa1c method=java.util.Collections$SetFromMap.add(Ljava/lang/Object;)Z @ 8
Event: 276.212 Thread 0x000000001a862800 Uncommon trap: reason=class_check action=maybe_recompile pc=0x0000000003d7aa1c method=java.util.Collections$SetFromMap.add(Ljava/lang/Object;)Z @ 8

Classes redefined (0 events):
No events

Internal exceptions (10 events):
Event: 231.827 Thread 0x0000000019e0c000 Exception <a 'java/net/SocketException': Connection reset by peer: socket write error> (0x00000000e3e3c350) thrown at [C:\src\AOSP-openjdk-git\hotspot\src\share\vm\prims\jni.cpp, line 737]
Event: 231.828 Thread 0x0000000019e0c000 Exception <a 'java/net/SocketTimeoutException': Read timed out> (0x00000000e3e43c70) thrown at [C:\src\AOSP-openjdk-git\hotspot\src\share\vm\prims\jni.cpp, line 737]
Event: 232.112 Thread 0x0000000019e0a800 Exception <a 'java/net/SocketTimeoutException': Read timed out> (0x00000000e3536340) thrown at [C:\src\AOSP-openjdk-git\hotspot\src\share\vm\prims\jni.cpp, line 737]
Event: 240.050 Thread 0x0000000019e09000 Exception <a 'sun/net/ConnectionResetException': > (0x00000000e4adacb0) thrown at [C:\src\AOSP-openjdk-git\hotspot\src\share\vm\prims\jni.cpp, line 737]
Event: 240.050 Thread 0x0000000019e09000 Exception <a 'sun/net/ConnectionResetException': > (0x00000000e4adb2b0) thrown at [C:\src\AOSP-openjdk-git\hotspot\src\share\vm\prims\jni.cpp, line 737]
Event: 240.050 Thread 0x0000000019e09000 Exception <a 'java/net/SocketException': Connection reset by peer: socket write error> (0x00000000e4adc668) thrown at [C:\src\AOSP-openjdk-git\hotspot\src\share\vm\prims\jni.cpp, line 737]
Event: 240.051 Thread 0x0000000019e09000 Exception <a 'java/net/SocketTimeoutException': Read timed out> (0x00000000e4ae3f28) thrown at [C:\src\AOSP-openjdk-git\hotspot\src\share\vm\prims\jni.cpp, line 737]
Event: 248.812 Thread 0x0000000019e0d800 Exception <a 'java/net/SocketTimeoutException': Read timed out> (0x00000000e2ea1c68) thrown at [C:\src\AOSP-openjdk-git\hotspot\src\share\vm\prims\jni.cpp, line 737]
Event: 271.263 Thread 0x0000000019e09000 Exception <a 'java/net/SocketTimeoutException': Read timed out> (0x00000000e4ae4ec8) thrown at [C:\src\AOSP-openjdk-git\hotspot\src\share\vm\prims\jni.cpp, line 737]
Event: 272.267 Thread 0x0000000019e09000 Exception <a 'java/net/SocketTimeoutException': Read timed out> (0x00000000e4af2688) thrown at [C:\src\AOSP-openjdk-git\hotspot\src\share\vm\prims\jni.cpp, line 737]

Events (10 events):
Event: 276.220 loading class org/gradle/internal/serialize/PlaceholderException
Event: 276.220 loading class org/gradle/internal/serialize/PlaceholderException done
Event: 276.220 loading class org/gradle/internal/serialize/ExceptionReplacingObjectOutputStream$2
Event: 276.220 loading class org/gradle/internal/serialize/ExceptionReplacingObjectOutputStream$2 done
Event: 276.220 loading class org/gradle/internal/serialize/ExceptionPlaceholder$1
Event: 276.220 loading class org/gradle/internal/serialize/ExceptionPlaceholder$1 done
Event: 276.220 loading class org/gradle/tooling/internal/provider/serialization/DefaultPayloadClassLoaderRegistry$ClassLoaderSpecVisitor
Event: 276.220 loading class org/gradle/tooling/internal/provider/serialization/DefaultPayloadClassLoaderRegistry$ClassLoaderSpecVisitor done
Event: 276.221 loading class org/gradle/internal/serialize/CausePlaceholder
Event: 276.221 loading class org/gradle/internal/serialize/CausePlaceholder done


Dynamic libraries:
0x00007ff799fc0000 - 0x00007ff799ff1000 	E:\androidstudio4\jre\bin\java.exe
0x00007ff90e400000 - 0x00007ff90e5f0000 	C:\Windows\SYSTEM32\ntdll.dll
0x00007ff90cb80000 - 0x00007ff90cc32000 	C:\Windows\System32\KERNEL32.DLL
0x00007ff90b670000 - 0x00007ff90b913000 	C:\Windows\System32\KERNELBASE.dll
0x00007ff9084e0000 - 0x00007ff90856f000 	C:\Windows\SYSTEM32\apphelp.dll
0x00007ff90e2b0000 - 0x00007ff90e353000 	C:\Windows\System32\ADVAPI32.dll
0x00007ff90c870000 - 0x00007ff90c90e000 	C:\Windows\System32\msvcrt.dll
0x00007ff90d520000 - 0x00007ff90d5b7000 	C:\Windows\System32\sechost.dll
0x00007ff90c750000 - 0x00007ff90c870000 	C:\Windows\System32\RPCRT4.dll
0x00007ff90cda0000 - 0x00007ff90cf34000 	C:\Windows\System32\USER32.dll
0x00007ff90c2e0000 - 0x00007ff90c301000 	C:\Windows\System32\win32u.dll
0x00007ff90c720000 - 0x00007ff90c746000 	C:\Windows\System32\GDI32.dll
0x00007ff90c140000 - 0x00007ff90c2d4000 	C:\Windows\System32\gdi32full.dll
0x00007ff90c310000 - 0x00007ff90c3ae000 	C:\Windows\System32\msvcp_win.dll
0x00007ff90c3b0000 - 0x00007ff90c4aa000 	C:\Windows\System32\ucrtbase.dll
0x00007ff8f9000000 - 0x00007ff8f9285000 	C:\Windows\WinSxS\amd64_microsoft.windows.common-controls_6595b64144ccf1df_6.0.18362.720_none_e6beb5c51314836b\COMCTL32.dll
0x00007ff90cf40000 - 0x00007ff90d276000 	C:\Windows\System32\combase.dll
0x00007ff90b5f0000 - 0x00007ff90b670000 	C:\Windows\System32\bcryptPrimitives.dll
0x00007ff90c6f0000 - 0x00007ff90c71e000 	C:\Windows\System32\IMM32.DLL
0x0000000057970000 - 0x0000000057a42000 	E:\androidstudio4\jre\jre\bin\msvcr100.dll
0x00000000566e0000 - 0x0000000056f2b000 	E:\androidstudio4\jre\jre\bin\server\jvm.dll
0x00007ff90c6e0000 - 0x00007ff90c6e8000 	C:\Windows\System32\PSAPI.DLL
0x00007ff9085a0000 - 0x00007ff9085c4000 	C:\Windows\SYSTEM32\WINMM.dll
0x00007ff8f4310000 - 0x00007ff8f4319000 	C:\Windows\SYSTEM32\WSOCK32.dll
0x00007ff903760000 - 0x00007ff90376a000 	C:\Windows\SYSTEM32\VERSION.dll
0x00007ff90d2f0000 - 0x00007ff90d35f000 	C:\Windows\System32\WS2_32.dll
0x00007ff908570000 - 0x00007ff90859d000 	C:\Windows\SYSTEM32\winmmbase.dll
0x00007ff90c0a0000 - 0x00007ff90c0ea000 	C:\Windows\System32\cfgmgr32.dll
0x00007ff9061d0000 - 0x00007ff9061df000 	E:\androidstudio4\jre\jre\bin\verify.dll
0x00007ff9003f0000 - 0x00007ff900419000 	E:\androidstudio4\jre\jre\bin\java.dll
0x00007ff9003d0000 - 0x00007ff9003e6000 	E:\androidstudio4\jre\jre\bin\zip.dll
0x00007ff90da90000 - 0x00007ff90e175000 	C:\Windows\System32\SHELL32.dll
0x00007ff90cac0000 - 0x00007ff90cb69000 	C:\Windows\System32\shcore.dll
0x00007ff90b920000 - 0x00007ff90c0a0000 	C:\Windows\System32\windows.storage.dll
0x00007ff90b340000 - 0x00007ff90b363000 	C:\Windows\System32\profapi.dll
0x00007ff90b2f0000 - 0x00007ff90b33a000 	C:\Windows\System32\powrprof.dll
0x00007ff90b2c0000 - 0x00007ff90b2d0000 	C:\Windows\System32\UMPDC.dll
0x00007ff90cc40000 - 0x00007ff90cc92000 	C:\Windows\System32\shlwapi.dll
0x00007ff90b370000 - 0x00007ff90b381000 	C:\Windows\System32\kernel.appcore.dll
0x00007ff90c0f0000 - 0x00007ff90c107000 	C:\Windows\System32\cryptsp.dll
0x00007ff9002c0000 - 0x00007ff9002da000 	E:\androidstudio4\jre\jre\bin\net.dll
0x00007ff90aad0000 - 0x00007ff90ab37000 	C:\Windows\system32\mswsock.dll
0x00007ff8f7890000 - 0x00007ff8f78a3000 	E:\androidstudio4\jre\jre\bin\nio.dll
0x00007ff8f2a40000 - 0x00007ff8f2a66000 	C:\Users\Administrator\.gradle\native\30\windows-amd64\native-platform.dll
0x00007ff906190000 - 0x00007ff90619d000 	E:\androidstudio4\jre\jre\bin\management.dll
0x00007ff90a640000 - 0x00007ff90a673000 	C:\Windows\system32\rsaenh.dll
0x00007ff90c110000 - 0x00007ff90c136000 	C:\Windows\System32\bcrypt.dll
0x00007ff90b1b0000 - 0x00007ff90b1d5000 	C:\Windows\SYSTEM32\USERENV.dll
0x00007ff90aca0000 - 0x00007ff90acac000 	C:\Windows\SYSTEM32\CRYPTBASE.dll
0x00007ff90a7e0000 - 0x00007ff90a81a000 	C:\Windows\SYSTEM32\IPHLPAPI.DLL
0x00007ff90cb70000 - 0x00007ff90cb78000 	C:\Windows\System32\NSI.dll
0x00007ff906e40000 - 0x00007ff906e56000 	C:\Windows\SYSTEM32\dhcpcsvc6.DLL
0x00007ff906e20000 - 0x00007ff906e3c000 	C:\Windows\SYSTEM32\dhcpcsvc.DLL
0x00007ff90a820000 - 0x00007ff90a8ea000 	C:\Windows\SYSTEM32\DNSAPI.dll
0x00007ff8f7840000 - 0x00007ff8f7864000 	E:\androidstudio4\jre\jre\bin\sunec.dll
0x00007ff905410000 - 0x00007ff90541a000 	C:\Windows\System32\rasadhlp.dll
0x00007ff9071c0000 - 0x00007ff907237000 	C:\Windows\System32\fwpuclnt.dll
0x00007ff906170000 - 0x00007ff90617b000 	E:\androidstudio4\jre\jre\bin\sunmscapi.dll
0x00007ff90b3f0000 - 0x00007ff90b539000 	C:\Windows\System32\CRYPT32.dll
0x00007ff90b2d0000 - 0x00007ff90b2e2000 	C:\Windows\System32\MSASN1.dll

VM Arguments:
jvm_args: -Xmx1536m -Dfile.encoding=GBK -Duser.country=CN -Duser.language=zh -Duser.variant 
java_command: org.gradle.launcher.daemon.bootstrap.GradleDaemon 5.6.4
java_class_path (initial): C:\Users\Administrator\.gradle\wrapper\dists\gradle-5.6.4-all\ankdp27end7byghfw1q2sw75f\gradle-5.6.4\lib\gradle-launcher-5.6.4.jar
Launcher Type: SUN_STANDARD

Environment Variables:
PATH=C:\Windows\system32;C:\Windows;C:\Windows\System32\Wbem;C:\Windows\System32\WindowsPowerShell\v1.0\;C:\Windows\System32\OpenSSH\;E:\jdk14\bin;E:\AndroidSDK;C:\Users\Administrator\AppData\Local\Microsoft\WindowsApps;
USERNAME=Administrator
OS=Windows_NT
PROCESSOR_IDENTIFIER=Intel64 Family 6 Model 158 Stepping 10, GenuineIntel



---------------  S Y S T E M  ---------------

OS: Windows 10.0 , 64 bit Build 18362 (10.0.18362.329)

CPU:total 6 (initial active 6) (6 cores per cpu, 1 threads per core) family 6 model 158 stepping 10, cmov, cx8, fxsr, mmx, sse, sse2, sse3, ssse3, sse4.1, sse4.2, popcnt, avx, avx2, aes, clmul, erms, rtm, 3dnowpref, lzcnt, tsc, tscinvbit, bmi1, bmi2, adx

Memory: 4k page, physical 8268572k(624824k free), swap 8268572k(4136k free)

vm_info: OpenJDK 64-Bit Server VM (25.242-b01) for windows-amd64 JRE (1.8.0_242-release-1644-b01), built by "builder" with MS VC++ 10.0 (VS2010)

time: Fri Jun 12 15:39:10 2020
timezone: 中国标准时间
elapsed time: 276 seconds (0d 0h 4m 36s)

