#
# There is insufficient memory for the Java Runtime Environment to continue.
# Native memory allocation (malloc) failed to allocate 1063616 bytes for Chunk::new
# Possible reasons:
#   The system is out of physical RAM or swap space
#   The process is running with CompressedOops enabled, and the Java Heap may be blocking the growth of the native heap
# Possible solutions:
#   Reduce memory load on the system
#   Increase physical memory or swap space
#   Check if swap backing store is full
#   Decrease Java heap size (-Xmx/-Xms)
#   Decrease number of Java threads
#   Decrease Java thread stack sizes (-Xss)
#   Set larger code cache with -XX:ReservedCodeCacheSize=
#   JVM is running with Unscaled Compressed Oops mode in which the Java heap is
#     placed in the first 4GB address space. The Java Heap base address is the
#     maximum limit for the native heap growth. Please use -XX:HeapBaseMinAddress
#     to set the Java Heap base and to place the Java Heap above 4GB virtual address.
# This output file may be truncated or incomplete.
#
#  Out of Memory Error (allocation.cpp:389), pid=13976, tid=0x00000000000031b4
#
# JRE version: OpenJDK Runtime Environment (8.0_242-b01) (build 1.8.0_242-release-1644-b01)
# Java VM: OpenJDK 64-Bit Server VM (25.242-b01 mixed mode windows-amd64 compressed oops)
# Failed to write core dump. Minidumps are not enabled by default on client versions of Windows
#

---------------  T H R E A D  ---------------

Current thread (0x000000001808e000):  JavaThread "C2 CompilerThread1" daemon [_thread_in_native, id=12724, stack(0x0000000018740000,0x0000000018840000)]

Stack: [0x0000000018740000,0x0000000018840000]
[error occurred during error reporting (printing stack bounds), id 0xc0000005]

Native frames: (J=compiled Java code, j=interpreted, Vv=VM code, C=native code)


Current CompileTask:
C2:   3564 3377   !   4       java.security.SecureClassLoader::getProtectionDomain (114 bytes)


---------------  P R O C E S S  ---------------

Java Threads: ( => current thread )
  0x000000001a9db800 JavaThread "Build operations Thread 5" [_thread_blocked, id=11560, stack(0x0000000022670000,0x0000000022770000)]
  0x000000001a9da800 JavaThread "Build operations Thread 4" [_thread_blocked, id=2784, stack(0x0000000022570000,0x0000000022670000)]
  0x000000001a9d6000 JavaThread "Build operations Thread 3" [_thread_blocked, id=1836, stack(0x0000000022470000,0x0000000022570000)]
  0x000000001a9d8800 JavaThread "Build operations Thread 2" [_thread_in_native, id=4600, stack(0x0000000022150000,0x0000000022250000)]
  0x000000001a9dc000 JavaThread "Build operations" [_thread_blocked, id=13232, stack(0x0000000022050000,0x0000000022150000)]
  0x000000001a710000 JavaThread "Cache worker for execution history cache (C:\Users\yq17498\.gradle\caches\5.6.4\executionHistory)" [_thread_blocked, id=11572, stack(0x0000000020630000,0x0000000020730000)]
  0x000000001a715800 JavaThread "Cache worker for cache directory md-rule (C:\Users\yq17498\.gradle\caches\5.6.4\md-rule)" [_thread_blocked, id=9060, stack(0x0000000020260000,0x0000000020360000)]
  0x000000001a714800 JavaThread "Cache worker for cache directory md-supplier (C:\Users\yq17498\.gradle\caches\5.6.4\md-supplier)" [_thread_blocked, id=14628, stack(0x000000001ef20000,0x000000001f020000)]
  0x000000001a711000 JavaThread "Cache worker for file hash cache (F:\AndroidProject\SunnyWeather\.gradle\5.6.4\fileHashes)" [_thread_blocked, id=2016, stack(0x000000001ec20000,0x000000001ed20000)]
  0x000000001a716000 JavaThread "Cache worker for journal cache (C:\Users\yq17498\.gradle\caches\journal-1)" [_thread_blocked, id=8776, stack(0x000000001c5b0000,0x000000001c6b0000)]
  0x000000001a712800 JavaThread "File lock request listener" [_thread_in_native, id=14776, stack(0x000000001c4b0000,0x000000001c5b0000)]
  0x0000000019ea5000 JavaThread "Cache worker for file hash cache (C:\Users\yq17498\.gradle\caches\5.6.4\fileHashes)" [_thread_blocked, id=12824, stack(0x000000001c3b0000,0x000000001c4b0000)]
  0x000000001a5c9800 JavaThread "Thread-9" [_thread_blocked, id=11768, stack(0x000000001c0b0000,0x000000001c1b0000)]
  0x000000001a642000 JavaThread "Stdin handler" [_thread_blocked, id=10364, stack(0x000000001bfb0000,0x000000001c0b0000)]
  0x000000001a641800 JavaThread "Asynchronous log dispatcher for DefaultDaemonConnection: socket connection from /127.0.0.1:5777 to /127.0.0.1:5778" [_thread_blocked, id=14532, stack(0x000000001beb0000,0x000000001bfb0000)]
  0x000000001a5a6000 JavaThread "Daemon worker" [_thread_blocked, id=14088, stack(0x000000001bdb0000,0x000000001beb0000)]
  0x000000001a5ca800 JavaThread "Cancel handler" [_thread_blocked, id=1064, stack(0x000000001bcb0000,0x000000001bdb0000)]
  0x000000001a5a3800 JavaThread "Handler for socket connection from /127.0.0.1:5777 to /127.0.0.1:5778" [_thread_in_native, id=2352, stack(0x000000001b9b0000,0x000000001bab0000)]
  0x000000001a4e8800 JavaThread "Daemon" [_thread_blocked, id=6080, stack(0x000000001b8b0000,0x000000001b9b0000)]
  0x000000001a4e0800 JavaThread "Daemon periodic checks" [_thread_blocked, id=14524, stack(0x000000001b7b0000,0x000000001b8b0000)]
  0x000000001a4d8800 JavaThread "Incoming local TCP Connector on port 5777" [_thread_in_native, id=10104, stack(0x000000001b600000,0x000000001b700000)]
  0x000000001842d000 JavaThread "Daemon health stats" [_thread_blocked, id=11856, stack(0x000000001b2e0000,0x000000001b3e0000)]
  0x0000000018110800 JavaThread "Service Thread" daemon [_thread_blocked, id=4068, stack(0x0000000018940000,0x0000000018a40000)]
  0x000000001808f000 JavaThread "C1 CompilerThread2" daemon [_thread_blocked, id=14536, stack(0x0000000018840000,0x0000000018940000)]
=>0x000000001808e000 JavaThread "C2 CompilerThread1" daemon [_thread_in_native, id=12724, stack(0x0000000018740000,0x0000000018840000)]
  0x000000001808b000 JavaThread "C2 CompilerThread0" daemon [_thread_in_native, id=7704, stack(0x0000000018640000,0x0000000018740000)]
  0x000000001808a000 JavaThread "Attach Listener" daemon [_thread_blocked, id=9144, stack(0x0000000018540000,0x0000000018640000)]
  0x000000001666f000 JavaThread "Signal Dispatcher" daemon [_thread_blocked, id=14684, stack(0x0000000018440000,0x0000000018540000)]
  0x0000000002aaa800 JavaThread "Finalizer" daemon [_thread_blocked, id=6692, stack(0x0000000017ee0000,0x0000000017fe0000)]
  0x0000000002aa2800 JavaThread "Reference Handler" daemon [_thread_blocked, id=8208, stack(0x0000000017de0000,0x0000000017ee0000)]
  0x00000000029b2800 JavaThread "main" [_thread_blocked, id=3224, stack(0x00000000028b0000,0x00000000029b0000)]

Other Threads:
  0x0000000016627000 VMThread [stack: 0x0000000017ce0000,0x0000000017de0000] [id=10588]
  0x000000001809b000 WatcherThread [stack: 0x0000000018a40000,0x0000000018b40000] [id=9448]

VM state:not at safepoint (normal execution)

VM Mutex/Monitor currently owned by a thread: None

heap address: 0x00000000a0000000, size: 1536 MB, Compressed Oops mode: 32-bit
Narrow klass base: 0x0000000000000000, Narrow klass shift: 3
Compressed class space size: 1073741824 Address: 0x0000000100000000

Heap:
 PSYoungGen      total 76800K, used 25882K [0x00000000e0000000, 0x00000000e5700000, 0x0000000100000000)
  eden space 66048K, 27% used [0x00000000e0000000,0x00000000e11943b0,0x00000000e4080000)
  from space 10752K, 73% used [0x00000000e4b80000,0x00000000e5332498,0x00000000e5600000)
  to   space 11264K, 0% used [0x00000000e4080000,0x00000000e4080000,0x00000000e4b80000)
 ParOldGen       total 61440K, used 17505K [0x00000000a0000000, 0x00000000a3c00000, 0x00000000e0000000)
  object space 61440K, 28% used [0x00000000a0000000,0x00000000a1118770,0x00000000a3c00000)
 Metaspace       used 40712K, capacity 41908K, committed 42024K, reserved 1085440K
  class space    used 5498K, capacity 5835K, committed 5928K, reserved 1048576K

Card table byte_map: [0x0000000011e70000,0x0000000012180000] byte_map_base: 0x0000000011970000

Marking Bits: (ParMarkBitMap*) 0x000000005d84f030
 Begin Bits: [0x0000000012980000, 0x0000000014180000)
 End Bits:   [0x0000000014180000, 0x0000000015980000)

Polling page: 0x00000000024f0000

CodeCache: size=245760Kb used=12686Kb max_used=12708Kb free=233073Kb
 bounds [0x0000000002ab0000, 0x0000000003730000, 0x0000000011ab0000]
 total_blobs=4118 nmethods=3371 adapters=659
 compilation: enabled

Compilation events (10 events):
Event: 3.504 Thread 0x000000001808f000 3374       3       org.apache.http.util.Args::notNull (33 bytes)
Event: 3.504 Thread 0x000000001808f000 nmethod 3374 0x00000000036ff310 code [0x00000000036ff4e0, 0x00000000036ffcd8]
Event: 3.505 Thread 0x000000001808f000 3375       3       java.net.URI::getPath (30 bytes)
Event: 3.505 Thread 0x000000001808f000 nmethod 3375 0x00000000036feed0 code [0x00000000036ff040, 0x00000000036ff268]
Event: 3.511 Thread 0x000000001808b000 nmethod 3372 0x0000000003715f90 code [0x0000000003716140, 0x0000000003716f10]
Event: 3.511 Thread 0x000000001808b000 3376       4       java.security.SecureClassLoader::defineClass (16 bytes)
Event: 3.513 Thread 0x000000001808f000 3378       3       java.util.Date::<init> (10 bytes)
Event: 3.513 Thread 0x000000001808f000 nmethod 3378 0x00000000036feb10 code [0x00000000036fec60, 0x00000000036fee10]
Event: 3.514 Thread 0x000000001808e000 nmethod 3367 0x000000000371c350 code [0x000000000371c6a0, 0x000000000371f8d0]
Event: 3.514 Thread 0x000000001808e000 3377   !   4       java.security.SecureClassLoader::getProtectionDomain (114 bytes)

GC Heap History (10 events):
Event: 2.294 GC heap before
{Heap before GC invocations=8 (full 1):
 PSYoungGen      total 76800K, used 66048K [0x00000000e0000000, 0x00000000e5700000, 0x0000000100000000)
  eden space 66048K, 100% used [0x00000000e0000000,0x00000000e4080000,0x00000000e4080000)
  from space 10752K, 0% used [0x00000000e4b80000,0x00000000e4b80000,0x00000000e5600000)
  to   space 11264K, 0% used [0x00000000e4080000,0x00000000e4080000,0x00000000e4b80000)
 ParOldGen       total 61440K, used 9816K [0x00000000a0000000, 0x00000000a3c00000, 0x00000000e0000000)
  object space 61440K, 15% used [0x00000000a0000000,0x00000000a0996188,0x00000000a3c00000)
 Metaspace       used 28256K, capacity 28926K, committed 29184K, reserved 1075200K
  class space    used 3861K, capacity 4082K, committed 4096K, reserved 1048576K
Event: 2.299 GC heap after
Heap after GC invocations=8 (full 1):
 PSYoungGen      total 77312K, used 7624K [0x00000000e0000000, 0x00000000e5700000, 0x0000000100000000)
  eden space 66048K, 0% used [0x00000000e0000000,0x00000000e0000000,0x00000000e4080000)
  from space 11264K, 67% used [0x00000000e4080000,0x00000000e47f21b0,0x00000000e4b80000)
  to   space 10752K, 0% used [0x00000000e4b80000,0x00000000e4b80000,0x00000000e5600000)
 ParOldGen       total 61440K, used 9824K [0x00000000a0000000, 0x00000000a3c00000, 0x00000000e0000000)
  object space 61440K, 15% used [0x00000000a0000000,0x00000000a0998188,0x00000000a3c00000)
 Metaspace       used 28256K, capacity 28926K, committed 29184K, reserved 1075200K
  class space    used 3861K, capacity 4082K, committed 4096K, reserved 1048576K
}
Event: 2.655 GC heap before
{Heap before GC invocations=9 (full 1):
 PSYoungGen      total 77312K, used 73672K [0x00000000e0000000, 0x00000000e5700000, 0x0000000100000000)
  eden space 66048K, 100% used [0x00000000e0000000,0x00000000e4080000,0x00000000e4080000)
  from space 11264K, 67% used [0x00000000e4080000,0x00000000e47f21b0,0x00000000e4b80000)
  to   space 10752K, 0% used [0x00000000e4b80000,0x00000000e4b80000,0x00000000e5600000)
 ParOldGen       total 61440K, used 9824K [0x00000000a0000000, 0x00000000a3c00000, 0x00000000e0000000)
  object space 61440K, 15% used [0x00000000a0000000,0x00000000a0998188,0x00000000a3c00000)
 Metaspace       used 32185K, capacity 32978K, committed 33024K, reserved 1077248K
  class space    used 4348K, capacity 4590K, committed 4608K, reserved 1048576K
Event: 2.660 GC heap after
Heap after GC invocations=9 (full 1):
 PSYoungGen      total 76800K, used 8904K [0x00000000e0000000, 0x00000000e5700000, 0x0000000100000000)
  eden space 66048K, 0% used [0x00000000e0000000,0x00000000e0000000,0x00000000e4080000)
  from space 10752K, 82% used [0x00000000e4b80000,0x00000000e5432188,0x00000000e5600000)
  to   space 11264K, 0% used [0x00000000e4080000,0x00000000e4080000,0x00000000e4b80000)
 ParOldGen       total 61440K, used 9832K [0x00000000a0000000, 0x00000000a3c00000, 0x00000000e0000000)
  object space 61440K, 16% used [0x00000000a0000000,0x00000000a099a188,0x00000000a3c00000)
 Metaspace       used 32185K, capacity 32978K, committed 33024K, reserved 1077248K
  class space    used 4348K, capacity 4590K, committed 4608K, reserved 1048576K
}
Event: 2.882 GC heap before
{Heap before GC invocations=10 (full 1):
 PSYoungGen      total 76800K, used 51963K [0x00000000e0000000, 0x00000000e5700000, 0x0000000100000000)
  eden space 66048K, 65% used [0x00000000e0000000,0x00000000e2a0caf0,0x00000000e4080000)
  from space 10752K, 82% used [0x00000000e4b80000,0x00000000e5432188,0x00000000e5600000)
  to   space 11264K, 0% used [0x00000000e4080000,0x00000000e4080000,0x00000000e4b80000)
 ParOldGen       total 61440K, used 9832K [0x00000000a0000000, 0x00000000a3c00000, 0x00000000e0000000)
  object space 61440K, 16% used [0x00000000a0000000,0x00000000a099a188,0x00000000a3c00000)
 Metaspace       used 34503K, capacity 35426K, committed 35496K, reserved 1079296K
  class space    used 4728K, capacity 4993K, committed 5032K, reserved 1048576K
Event: 2.888 GC heap after
Heap after GC invocations=10 (full 1):
 PSYoungGen      total 77312K, used 10360K [0x00000000e0000000, 0x00000000e5700000, 0x0000000100000000)
  eden space 66048K, 0% used [0x00000000e0000000,0x00000000e0000000,0x00000000e4080000)
  from space 11264K, 91% used [0x00000000e4080000,0x00000000e4a9e318,0x00000000e4b80000)
  to   space 10752K, 0% used [0x00000000e4b80000,0x00000000e4b80000,0x00000000e5600000)
 ParOldGen       total 61440K, used 9840K [0x00000000a0000000, 0x00000000a3c00000, 0x00000000e0000000)
  object space 61440K, 16% used [0x00000000a0000000,0x00000000a099c188,0x00000000a3c00000)
 Metaspace       used 34503K, capacity 35426K, committed 35496K, reserved 1079296K
  class space    used 4728K, capacity 4993K, committed 5032K, reserved 1048576K
}
Event: 2.888 GC heap before
{Heap before GC invocations=11 (full 2):
 PSYoungGen      total 77312K, used 10360K [0x00000000e0000000, 0x00000000e5700000, 0x0000000100000000)
  eden space 66048K, 0% used [0x00000000e0000000,0x00000000e0000000,0x00000000e4080000)
  from space 11264K, 91% used [0x00000000e4080000,0x00000000e4a9e318,0x00000000e4b80000)
  to   space 10752K, 0% used [0x00000000e4b80000,0x00000000e4b80000,0x00000000e5600000)
 ParOldGen       total 61440K, used 9840K [0x00000000a0000000, 0x00000000a3c00000, 0x00000000e0000000)
  object space 61440K, 16% used [0x00000000a0000000,0x00000000a099c188,0x00000000a3c00000)
 Metaspace       used 34503K, capacity 35426K, committed 35496K, reserved 1079296K
  class space    used 4728K, capacity 4993K, committed 5032K, reserved 1048576K
Event: 2.923 GC heap after
Heap after GC invocations=11 (full 2):
 PSYoungGen      total 77312K, used 0K [0x00000000e0000000, 0x00000000e5700000, 0x0000000100000000)
  eden space 66048K, 0% used [0x00000000e0000000,0x00000000e0000000,0x00000000e4080000)
  from space 11264K, 0% used [0x00000000e4080000,0x00000000e4080000,0x00000000e4b80000)
  to   space 10752K, 0% used [0x00000000e4b80000,0x00000000e4b80000,0x00000000e5600000)
 ParOldGen       total 61440K, used 17497K [0x00000000a0000000, 0x00000000a3c00000, 0x00000000e0000000)
  object space 61440K, 28% used [0x00000000a0000000,0x00000000a1116770,0x00000000a3c00000)
 Metaspace       used 34503K, capacity 35426K, committed 35496K, reserved 1079296K
  class space    used 4728K, capacity 4993K, committed 5032K, reserved 1048576K
}
Event: 3.343 GC heap before
{Heap before GC invocations=12 (full 2):
 PSYoungGen      total 77312K, used 66048K [0x00000000e0000000, 0x00000000e5700000, 0x0000000100000000)
  eden space 66048K, 100% used [0x00000000e0000000,0x00000000e4080000,0x00000000e4080000)
  from space 11264K, 0% used [0x00000000e4080000,0x00000000e4080000,0x00000000e4b80000)
  to   space 10752K, 0% used [0x00000000e4b80000,0x00000000e4b80000,0x00000000e5600000)
 ParOldGen       total 61440K, used 17497K [0x00000000a0000000, 0x00000000a3c00000, 0x00000000e0000000)
  object space 61440K, 28% used [0x00000000a0000000,0x00000000a1116770,0x00000000a3c00000)
 Metaspace       used 39299K, capacity 40404K, committed 40488K, reserved 1083392K
  class space    used 5299K, capacity 5611K, committed 5672K, reserved 1048576K
Event: 3.347 GC heap after
Heap after GC invocations=12 (full 2):
 PSYoungGen      total 76800K, used 7881K [0x00000000e0000000, 0x00000000e5700000, 0x0000000100000000)
  eden space 66048K, 0% used [0x00000000e0000000,0x00000000e0000000,0x00000000e4080000)
  from space 10752K, 73% used [0x00000000e4b80000,0x00000000e5332498,0x00000000e5600000)
  to   space 11264K, 0% used [0x00000000e4080000,0x00000000e4080000,0x00000000e4b80000)
 ParOldGen       total 61440K, used 17505K [0x00000000a0000000, 0x00000000a3c00000, 0x00000000e0000000)
  object space 61440K, 28% used [0x00000000a0000000,0x00000000a1118770,0x00000000a3c00000)
 Metaspace       used 39299K, capacity 40404K, committed 40488K, reserved 1083392K
  class space    used 5299K, capacity 5611K, committed 5672K, reserved 1048576K
}

Deoptimization events (10 events):
Event: 3.265 Thread 0x000000001a5a6000 Uncommon trap: reason=unstable_if action=reinterpret pc=0x0000000002ce8d38 method=java.lang.AbstractStringBuilder.append(Ljava/lang/String;)Ljava/lang/AbstractStringBuilder; @ 1
Event: 3.384 Thread 0x000000001a9d8800 Uncommon trap: reason=unstable_if action=reinterpret pc=0x0000000002e9e8f0 method=java.lang.String.regionMatches(ZILjava/lang/String;II)Z @ 123
Event: 3.387 Thread 0x000000001a9d8800 Uncommon trap: reason=null_check action=make_not_entrant pc=0x00000000033797d4 method=java.net.URL.getURLStreamHandler(Ljava/lang/String;)Ljava/net/URLStreamHandler; @ 7
Event: 3.432 Thread 0x000000001a9d8800 Uncommon trap: reason=unstable_if action=reinterpret pc=0x00000000030cc3f8 method=java.util.concurrent.ConcurrentHashMap.putVal(Ljava/lang/Object;Ljava/lang/Object;Z)Ljava/lang/Object; @ 195
Event: 3.434 Thread 0x000000001a9d8800 Uncommon trap: reason=unstable_if action=reinterpret pc=0x0000000002f87938 method=java.util.concurrent.ConcurrentHashMap.transfer([Ljava/util/concurrent/ConcurrentHashMap$Node;[Ljava/util/concurrent/ConcurrentHashMap$Node;)V @ 356
Event: 3.505 Thread 0x000000001a9dc000 Uncommon trap: reason=unstable_if action=reinterpret pc=0x0000000002db3ce8 method=java.net.URI$Parser.scan(IILjava/lang/String;Ljava/lang/String;)I @ 23
Event: 3.505 Thread 0x000000001a9d8800 Uncommon trap: reason=unstable_if action=reinterpret pc=0x0000000002db3ce8 method=java.net.URI$Parser.scan(IILjava/lang/String;Ljava/lang/String;)I @ 23
Event: 3.528 Thread 0x000000001a9dc000 Uncommon trap: reason=unstable_if action=reinterpret pc=0x000000000368d7e0 method=java.lang.CharacterDataLatin1.digit(II)I @ 82
Event: 3.528 Thread 0x000000001a5a6000 Uncommon trap: reason=unstable_if action=reinterpret pc=0x000000000368d7e0 method=java.lang.CharacterDataLatin1.digit(II)I @ 82
Event: 3.528 Thread 0x000000001a9d8800 Uncommon trap: reason=unstable_if action=reinterpret pc=0x000000000366d01c method=java.lang.CharacterDataLatin1.digit(II)I @ 82

Classes redefined (0 events):
No events

Internal exceptions (10 events):
Event: 3.173 Thread 0x000000001a5a6000 Exception <a 'java/lang/ClassNotFoundException': groovy/lang/GStringBeanInfo> (0x00000000e251fc50) thrown at [C:\src\AOSP-openjdk-git\hotspot\src\share\vm\classfile\systemDictionary.cpp, line 210]
Event: 3.174 Thread 0x000000001a5a6000 Exception <a 'java/lang/ClassNotFoundException': groovy/lang/GStringCustomizer> (0x00000000e2541738) thrown at [C:\src\AOSP-openjdk-git\hotspot\src\share\vm\classfile\systemDictionary.cpp, line 210]
Event: 3.174 Thread 0x000000001a5a6000 Exception <a 'java/lang/ClassNotFoundException': groovy/lang/GString$1Customizer> (0x00000000e256f578) thrown at [C:\src\AOSP-openjdk-git\hotspot\src\share\vm\classfile\systemDictionary.cpp, line 210]
Event: 3.176 Thread 0x000000001a5a6000 Exception <a 'java/lang/ClassNotFoundException': org/codehaus/groovy/runtime/GStringImplBeanInfo> (0x00000000e261fbe8) thrown at [C:\src\AOSP-openjdk-git\hotspot\src\share\vm\classfile\systemDictionary.cpp, line 210]
Event: 3.177 Thread 0x000000001a5a6000 Exception <a 'java/lang/ClassNotFoundException': org/codehaus/groovy/runtime/GStringImplCustomizer> (0x00000000e264b610) thrown at [C:\src\AOSP-openjdk-git\hotspot\src\share\vm\classfile\systemDictionary.cpp, line 210]
Event: 3.265 Thread 0x000000001a9dc000 Implicit null exception at 0x0000000002ce8996 to 0x0000000002ce8d21
Event: 3.265 Thread 0x000000001a9da800 Implicit null exception at 0x0000000002ce8996 to 0x0000000002ce8d21
Event: 3.265 Thread 0x000000001a9d6000 Implicit null exception at 0x0000000002ce8996 to 0x0000000002ce8d21
Event: 3.265 Thread 0x000000001a5a6000 Implicit null exception at 0x0000000002ce8996 to 0x0000000002ce8d21
Event: 3.387 Thread 0x000000001a9d8800 Implicit null exception at 0x0000000003375ae4 to 0x00000000033797b1

Events (10 events):
Event: 3.528 Thread 0x000000001a9dc000 DEOPT UNPACKING pc=0x0000000002af557b sp=0x000000002214c9c0 mode 2
Event: 3.528 Thread 0x000000001a9d8800 DEOPT UNPACKING pc=0x0000000002af557b sp=0x000000002224cb00 mode 2
Event: 3.528 loading class sun/net/InetAddressCachePolicy
Event: 3.528 loading class sun/net/InetAddressCachePolicy done
Event: 3.528 loading class sun/net/InetAddressCachePolicy$1
Event: 3.528 loading class sun/net/InetAddressCachePolicy$1 done
Event: 3.528 loading class sun/net/InetAddressCachePolicy$2
Event: 3.528 loading class sun/net/InetAddressCachePolicy$2 done
Event: 3.528 loading class java/net/InetAddress$CacheEntry
Event: 3.528 loading class java/net/InetAddress$CacheEntry done


Dynamic libraries:
0x00007ff78db50000 - 0x00007ff78db81000 	E:\androidstudio4\jre\bin\java.exe
0x00007ffa1cde0000 - 0x00007ffa1cfd0000 	C:\Windows\SYSTEM32\ntdll.dll
0x00007ffa1b930000 - 0x00007ffa1b9e2000 	C:\Windows\System32\KERNEL32.DLL
0x00007ffa1a7b0000 - 0x00007ffa1aa53000 	C:\Windows\System32\KERNELBASE.dll
0x00007ffa1cb90000 - 0x00007ffa1cc33000 	C:\Windows\System32\ADVAPI32.dll
0x00007ffa1c850000 - 0x00007ffa1c8ee000 	C:\Windows\System32\msvcrt.dll
0x00007ffa1b050000 - 0x00007ffa1b0e7000 	C:\Windows\System32\sechost.dll
0x00007ffa1ca40000 - 0x00007ffa1cb60000 	C:\Windows\System32\RPCRT4.dll
0x00007ffa1aeb0000 - 0x00007ffa1b044000 	C:\Windows\System32\USER32.dll
0x00007ffa1a750000 - 0x00007ffa1a771000 	C:\Windows\System32\win32u.dll
0x00007ffa1cb60000 - 0x00007ffa1cb86000 	C:\Windows\System32\GDI32.dll
0x00007ffa1a4f0000 - 0x00007ffa1a684000 	C:\Windows\System32\gdi32full.dll
0x00007ffa1a690000 - 0x00007ffa1a72e000 	C:\Windows\System32\msvcp_win.dll
0x00007ffa1ab70000 - 0x00007ffa1ac6a000 	C:\Windows\System32\ucrtbase.dll
0x00007ffa07850000 - 0x00007ffa07ad5000 	C:\Windows\WinSxS\amd64_microsoft.windows.common-controls_6595b64144ccf1df_6.0.18362.720_none_e6beb5c51314836b\COMCTL32.dll
0x00007ffa1bf80000 - 0x00007ffa1c2b6000 	C:\Windows\System32\combase.dll
0x00007ffa1ac70000 - 0x00007ffa1acf0000 	C:\Windows\System32\bcryptPrimitives.dll
0x00007ffa1b840000 - 0x00007ffa1b86e000 	C:\Windows\System32\IMM32.DLL
0x000000005cec0000 - 0x000000005cf92000 	E:\androidstudio4\jre\jre\bin\msvcr100.dll
0x000000005d080000 - 0x000000005d8cb000 	E:\androidstudio4\jre\jre\bin\server\jvm.dll
0x00007ffa1aea0000 - 0x00007ffa1aea8000 	C:\Windows\System32\PSAPI.DLL
0x00007ffa156d0000 - 0x00007ffa156d9000 	C:\Windows\SYSTEM32\WSOCK32.dll
0x00007ffa16f80000 - 0x00007ffa16fa4000 	C:\Windows\SYSTEM32\WINMM.dll
0x00007ffa12990000 - 0x00007ffa1299a000 	C:\Windows\SYSTEM32\VERSION.dll
0x00007ffa1bf10000 - 0x00007ffa1bf7f000 	C:\Windows\System32\WS2_32.dll
0x00007ffa16f50000 - 0x00007ffa16f7d000 	C:\Windows\SYSTEM32\winmmbase.dll
0x00007ffa1acf0000 - 0x00007ffa1ad3a000 	C:\Windows\System32\cfgmgr32.dll
0x00007ffa122a0000 - 0x00007ffa122af000 	E:\androidstudio4\jre\jre\bin\verify.dll
0x00007ffa12270000 - 0x00007ffa12299000 	E:\androidstudio4\jre\jre\bin\java.dll
0x00007ffa0e990000 - 0x00007ffa0e9a6000 	E:\androidstudio4\jre\jre\bin\zip.dll
0x00007ffa1b0f0000 - 0x00007ffa1b7d5000 	C:\Windows\System32\SHELL32.dll
0x00007ffa1bb30000 - 0x00007ffa1bbd9000 	C:\Windows\System32\shcore.dll
0x00007ffa19d70000 - 0x00007ffa1a4f0000 	C:\Windows\System32\windows.storage.dll
0x00007ffa19d00000 - 0x00007ffa19d23000 	C:\Windows\System32\profapi.dll
0x00007ffa19cb0000 - 0x00007ffa19cfa000 	C:\Windows\System32\powrprof.dll
0x00007ffa19ca0000 - 0x00007ffa19cb0000 	C:\Windows\System32\UMPDC.dll
0x00007ffa1b7e0000 - 0x00007ffa1b832000 	C:\Windows\System32\shlwapi.dll
0x00007ffa19d30000 - 0x00007ffa19d41000 	C:\Windows\System32\kernel.appcore.dll
0x00007ffa1a730000 - 0x00007ffa1a747000 	C:\Windows\System32\cryptsp.dll
0x00007ffa0e970000 - 0x00007ffa0e98a000 	E:\androidstudio4\jre\jre\bin\net.dll
0x00007ffa194b0000 - 0x00007ffa19517000 	C:\Windows\system32\mswsock.dll
0x00007ffa094a0000 - 0x00007ffa094b3000 	E:\androidstudio4\jre\jre\bin\nio.dll
0x00007ffa02ab0000 - 0x00007ffa02ad6000 	C:\Users\yq17498\.gradle\native\30\windows-amd64\native-platform.dll
0x00007ffa12260000 - 0x00007ffa1226d000 	E:\androidstudio4\jre\jre\bin\management.dll
0x00007ffa19020000 - 0x00007ffa19053000 	C:\Windows\system32\rsaenh.dll
0x00007ffa1a780000 - 0x00007ffa1a7a6000 	C:\Windows\System32\bcrypt.dll
0x00007ffa19b90000 - 0x00007ffa19bb5000 	C:\Windows\SYSTEM32\USERENV.dll
0x00007ffa19680000 - 0x00007ffa1968c000 	C:\Windows\SYSTEM32\CRYPTBASE.dll
0x00007ffa191c0000 - 0x00007ffa191fa000 	C:\Windows\SYSTEM32\IPHLPAPI.DLL
0x00007ffa1ae90000 - 0x00007ffa1ae98000 	C:\Windows\System32\NSI.dll
0x00007ffa15aa0000 - 0x00007ffa15ab6000 	C:\Windows\SYSTEM32\dhcpcsvc6.DLL
0x00007ffa15990000 - 0x00007ffa159ac000 	C:\Windows\SYSTEM32\dhcpcsvc.DLL
0x00007ffa19200000 - 0x00007ffa192ca000 	C:\Windows\SYSTEM32\DNSAPI.dll
0x00007ffa08c90000 - 0x00007ffa08cb4000 	E:\androidstudio4\jre\jre\bin\sunec.dll
0x00007ffa14070000 - 0x00007ffa1407a000 	C:\Windows\System32\rasadhlp.dll

VM Arguments:
jvm_args: -Xmx1536m -Dfile.encoding=GBK -Duser.country=CN -Duser.language=zh -Duser.variant 
java_command: org.gradle.launcher.daemon.bootstrap.GradleDaemon 5.6.4
java_class_path (initial): C:\Users\yq17498\.gradle\wrapper\dists\gradle-5.6.4-all\ankdp27end7byghfw1q2sw75f\gradle-5.6.4\lib\gradle-launcher-5.6.4.jar
Launcher Type: SUN_STANDARD

Environment Variables:
PATH=C:\Windows\system32;C:\Windows;C:\Windows\System32\Wbem;C:\Windows\System32\WindowsPowerShell\v1.0\;C:\Windows\System32\OpenSSH\;E:\jdk14\bin;E:\AndroidSDK;C:\Users\yq17498\AppData\Local\Microsoft\WindowsApps;E:\Git\Git\cmd
USERNAME=YQ17498
OS=Windows_NT
PROCESSOR_IDENTIFIER=Intel64 Family 6 Model 158 Stepping 10, GenuineIntel



---------------  S Y S T E M  ---------------

OS: Windows 10.0 , 64 bit Build 18362 (10.0.18362.329)

CPU:total 6 (initial active 6) (6 cores per cpu, 1 threads per core) family 6 model 158 stepping 10, cmov, cx8, fxsr, mmx, sse, sse2, sse3, ssse3, sse4.1, sse4.2, popcnt, avx, avx2, aes, clmul, erms, rtm, 3dnowpref, lzcnt, tsc, tscinvbit, bmi1, bmi2, adx

Memory: 4k page, physical 8268572k(899204k free), swap 8268572k(6720k free)

vm_info: OpenJDK 64-Bit Server VM (25.242-b01) for windows-amd64 JRE (1.8.0_242-release-1644-b01), built by "builder" with MS VC++ 10.0 (VS2010)

time: Fri Jun 12 18:44:42 2020
timezone: 中国标准时间
elapsed time: 3 seconds (0d 0h 0m 3s)

