#
# There is insufficient memory for the Java Runtime Environment to continue.
# Native memory allocation (malloc) failed to allocate 1057296 bytes for Chunk::new
# Possible reasons:
#   The system is out of physical RAM or swap space
#   The process is running with CompressedOops enabled, and the Java Heap may be blocking the growth of the native heap
# Possible solutions:
#   Reduce memory load on the system
#   Increase physical memory or swap space
#   Check if swap backing store is full
#   Decrease Java heap size (-Xmx/-Xms)
#   Decrease number of Java threads
#   Decrease Java thread stack sizes (-Xss)
#   Set larger code cache with -XX:ReservedCodeCacheSize=
#   JVM is running with Unscaled Compressed Oops mode in which the Java heap is
#     placed in the first 4GB address space. The Java Heap base address is the
#     maximum limit for the native heap growth. Please use -XX:HeapBaseMinAddress
#     to set the Java Heap base and to place the Java Heap above 4GB virtual address.
# This output file may be truncated or incomplete.
#
#  Out of Memory Error (allocation.cpp:389), pid=2320, tid=0x0000000000003a0c
#
# JRE version: OpenJDK Runtime Environment (8.0_242-b01) (build 1.8.0_242-release-1644-b01)
# Java VM: OpenJDK 64-Bit Server VM (25.242-b01 mixed mode windows-amd64 compressed oops)
# Failed to write core dump. Minidumps are not enabled by default on client versions of Windows
#

---------------  T H R E A D  ---------------

Current thread (0x0000000016815000):  JavaThread "C2 CompilerThread1" daemon [_thread_in_native, id=14860, stack(0x00000000188d0000,0x00000000189d0000)]

Stack: [0x00000000188d0000,0x00000000189d0000]
[error occurred during error reporting (printing stack bounds), id 0xc0000005]

Native frames: (J=compiled Java code, j=interpreted, Vv=VM code, C=native code)


Current CompileTask:
C2:   4147 4047       4       org.objectweb.asm.Frame::execute (2318 bytes)


---------------  P R O C E S S  ---------------

Java Threads: ( => current thread )
  0x0000000020cbe800 JavaThread "Build operations Thread 6" [_thread_blocked, id=6256, stack(0x00000000225f0000,0x00000000226f0000)]
  0x0000000020cbe000 JavaThread "Build operations Thread 5" [_thread_blocked, id=13528, stack(0x00000000224f0000,0x00000000225f0000)]
  0x0000000020cbd000 JavaThread "Build operations Thread 4" [_thread_blocked, id=4228, stack(0x00000000223f0000,0x00000000224f0000)]
  0x0000000020cc4000 JavaThread "Build operations Thread 3" [_thread_blocked, id=7236, stack(0x0000000022030000,0x0000000022130000)]
  0x0000000020cc3000 JavaThread "Build operations Thread 2" [_thread_blocked, id=13072, stack(0x0000000021f30000,0x0000000022030000)]
  0x0000000020cbc800 JavaThread "Build operations" [_thread_blocked, id=5520, stack(0x0000000021e30000,0x0000000021f30000)]
  0x000000001a8f8000 JavaThread "Cache worker for execution history cache (C:\Users\yq17498\.gradle\caches\5.6.4\executionHistory)" [_thread_blocked, id=11396, stack(0x0000000020560000,0x0000000020660000)]
  0x000000001a8fd000 JavaThread "Cache worker for cache directory md-rule (C:\Users\yq17498\.gradle\caches\5.6.4\md-rule)" [_thread_blocked, id=5264, stack(0x000000001f260000,0x000000001f360000)]
  0x000000001a8f7000 JavaThread "Cache worker for cache directory md-supplier (C:\Users\yq17498\.gradle\caches\5.6.4\md-supplier)" [_thread_blocked, id=6028, stack(0x000000001f160000,0x000000001f260000)]
  0x000000001a8fe000 JavaThread "Cache worker for file hash cache (F:\AndroidProject\SunnyWeather\.gradle\5.6.4\fileHashes)" [_thread_blocked, id=7488, stack(0x000000001ea50000,0x000000001eb50000)]
  0x000000001a8fb000 JavaThread "Cache worker for journal cache (C:\Users\yq17498\.gradle\caches\journal-1)" [_thread_blocked, id=12956, stack(0x000000001c720000,0x000000001c820000)]
  0x000000001a8f8800 JavaThread "File lock request listener" [_thread_in_native, id=14748, stack(0x000000001c620000,0x000000001c720000)]
  0x0000000019995800 JavaThread "Cache worker for file hash cache (C:\Users\yq17498\.gradle\caches\5.6.4\fileHashes)" [_thread_blocked, id=1908, stack(0x000000001c520000,0x000000001c620000)]
  0x000000001a92b000 JavaThread "Thread-9" [_thread_blocked, id=4520, stack(0x000000001c220000,0x000000001c320000)]
  0x000000001a89e800 JavaThread "Stdin handler" [_thread_blocked, id=14404, stack(0x000000001c120000,0x000000001c220000)]
  0x000000001a89c800 JavaThread "Asynchronous log dispatcher for DefaultDaemonConnection: socket connection from /127.0.0.1:5754 to /127.0.0.1:5755" [_thread_blocked, id=7348, stack(0x000000001c020000,0x000000001c120000)]
  0x000000001a941000 JavaThread "Daemon worker" [_thread_in_vm, id=3940, stack(0x000000001bf20000,0x000000001c020000)]
  0x000000001a8d9000 JavaThread "Cancel handler" [_thread_blocked, id=6468, stack(0x000000001be20000,0x000000001bf20000)]
  0x000000001a7d3000 JavaThread "Handler for socket connection from /127.0.0.1:5754 to /127.0.0.1:5755" [_thread_in_native, id=14772, stack(0x000000001bb20000,0x000000001bc20000)]
  0x000000001a7cf800 JavaThread "Daemon" [_thread_blocked, id=8568, stack(0x000000001ba20000,0x000000001bb20000)]
  0x000000001a7c5800 JavaThread "Daemon periodic checks" [_thread_blocked, id=5488, stack(0x000000001b920000,0x000000001ba20000)]
  0x000000001a7b0800 JavaThread "Incoming local TCP Connector on port 5754" [_thread_in_native, id=14804, stack(0x000000001b770000,0x000000001b870000)]
  0x000000001a76d000 JavaThread "Daemon health stats" [_thread_blocked, id=12700, stack(0x000000001b470000,0x000000001b570000)]
  0x000000001829e800 JavaThread "Service Thread" daemon [_thread_blocked, id=8888, stack(0x0000000018ad0000,0x0000000018bd0000)]
  0x000000001681e000 JavaThread "C1 CompilerThread2" daemon [_thread_blocked, id=1388, stack(0x00000000189d0000,0x0000000018ad0000)]
=>0x0000000016815000 JavaThread "C2 CompilerThread1" daemon [_thread_in_native, id=14860, stack(0x00000000188d0000,0x00000000189d0000)]
  0x0000000016811000 JavaThread "C2 CompilerThread0" daemon [_thread_blocked, id=14436, stack(0x00000000187d0000,0x00000000188d0000)]
  0x0000000018223800 JavaThread "Attach Listener" daemon [_thread_blocked, id=2964, stack(0x00000000186d0000,0x00000000187d0000)]
  0x00000000167fa800 JavaThread "Signal Dispatcher" daemon [_thread_blocked, id=1096, stack(0x00000000185d0000,0x00000000186d0000)]
  0x00000000167eb800 JavaThread "Finalizer" daemon [_thread_blocked, id=2576, stack(0x0000000018070000,0x0000000018170000)]
  0x0000000002c44000 JavaThread "Reference Handler" daemon [_thread_blocked, id=15152, stack(0x0000000017f70000,0x0000000018070000)]
  0x0000000002b52800 JavaThread "main" [_thread_blocked, id=12692, stack(0x0000000002640000,0x0000000002740000)]

Other Threads:
  0x00000000167c7000 VMThread [stack: 0x0000000017e70000,0x0000000017f70000] [id=15156]
  0x00000000182a0800 WatcherThread [stack: 0x0000000018bd0000,0x0000000018cd0000] [id=7212]

VM state:not at safepoint (normal execution)

VM Mutex/Monitor currently owned by a thread: None

OutOfMemory and StackOverflow Exception counts:
OutOfMemoryError java_heap_errors=5

heap address: 0x00000000a0000000, size: 1536 MB, Compressed Oops mode: 32-bit
Narrow klass base: 0x0000000000000000, Narrow klass shift: 3
Compressed class space size: 1073741824 Address: 0x0000000100000000

Heap:
 PSYoungGen      total 76800K, used 49109K [0x00000000e0000000, 0x00000000e5700000, 0x0000000100000000)
  eden space 66048K, 64% used [0x00000000e0000000,0x00000000e29b7340,0x00000000e4080000)
  from space 10752K, 59% used [0x00000000e4b80000,0x00000000e51be480,0x00000000e5600000)
  to   space 11264K, 0% used [0x00000000e4080000,0x00000000e4080000,0x00000000e4b80000)
 ParOldGen       total 61952K, used 15178K [0x00000000a0000000, 0x00000000a3c80000, 0x00000000e0000000)
  object space 61952K, 24% used [0x00000000a0000000,0x00000000a0ed2868,0x00000000a3c80000)
 Metaspace       used 39602K, capacity 40910K, committed 40960K, reserved 1085440K
  class space    used 5320K, capacity 5596K, committed 5632K, reserved 1048576K

Card table byte_map: [0x0000000012010000,0x0000000012320000] byte_map_base: 0x0000000011b10000

Marking Bits: (ParMarkBitMap*) 0x000000005d84f030
 Begin Bits: [0x0000000012b20000, 0x0000000014320000)
 End Bits:   [0x0000000014320000, 0x0000000015b20000)

Polling page: 0x00000000009e0000

CodeCache: size=245760Kb used=14588Kb max_used=14588Kb free=231172Kb
 bounds [0x0000000002c50000, 0x0000000003aa0000, 0x0000000011c50000]
 total_blobs=4813 nmethods=4077 adapters=647
 compilation: enabled

Compilation events (10 events):
Event: 4.020 Thread 0x0000000016811000 4071       4       java.security.CodeSource::hashCode (17 bytes)
Event: 4.022 Thread 0x0000000016811000 nmethod 4071 0x0000000003a8c790 code [0x0000000003a8c8e0, 0x0000000003a8cd28]
Event: 4.022 Thread 0x000000001681e000 4072       3       java.util.LinkedList::linkFirst (59 bytes)
Event: 4.023 Thread 0x000000001681e000 nmethod 4072 0x0000000003a8c190 code [0x0000000003a8c300, 0x0000000003a8c650]
Event: 4.047 Thread 0x000000001681e000 4073   !   3       java.util.concurrent.LinkedBlockingQueue::poll (134 bytes)
Event: 4.047 Thread 0x000000001681e000 nmethod 4073 0x0000000003a91ed0 code [0x0000000003a921e0, 0x0000000003a93b38]
Event: 4.058 Thread 0x000000001681e000 4074       3       org.gradle.launcher.daemon.server.exec.DaemonConnectionBackedEventConsumer$ForwardEvents::moreMessagesToSend (35 bytes)
Event: 4.058 Thread 0x000000001681e000 nmethod 4074 0x0000000003a8de10 code [0x0000000003a8df80, 0x0000000003a8e288]
Event: 4.058 Thread 0x000000001681e000 4075   !   3       org.gradle.launcher.daemon.server.exec.DaemonConnectionBackedEventConsumer$ForwardEvents::getNextEvent (27 bytes)
Event: 4.058 Thread 0x000000001681e000 nmethod 4075 0x0000000003a8d8d0 code [0x0000000003a8da40, 0x0000000003a8dce8]

GC Heap History (10 events):
Event: 2.591 GC heap before
{Heap before GC invocations=8 (full 1):
 PSYoungGen      total 76800K, used 66048K [0x00000000e0000000, 0x00000000e5700000, 0x0000000100000000)
  eden space 66048K, 100% used [0x00000000e0000000,0x00000000e4080000,0x00000000e4080000)
  from space 10752K, 0% used [0x00000000e4b80000,0x00000000e4b80000,0x00000000e5600000)
  to   space 11264K, 0% used [0x00000000e4080000,0x00000000e4080000,0x00000000e4b80000)
 ParOldGen       total 61952K, used 9825K [0x00000000a0000000, 0x00000000a3c80000, 0x00000000e0000000)
  object space 61952K, 15% used [0x00000000a0000000,0x00000000a09984a8,0x00000000a3c80000)
 Metaspace       used 28472K, capacity 29124K, committed 29312K, reserved 1075200K
  class space    used 3898K, capacity 4147K, committed 4224K, reserved 1048576K
Event: 2.598 GC heap after
Heap after GC invocations=8 (full 1):
 PSYoungGen      total 77312K, used 8047K [0x00000000e0000000, 0x00000000e5700000, 0x0000000100000000)
  eden space 66048K, 0% used [0x00000000e0000000,0x00000000e0000000,0x00000000e4080000)
  from space 11264K, 71% used [0x00000000e4080000,0x00000000e485bf40,0x00000000e4b80000)
  to   space 10752K, 0% used [0x00000000e4b80000,0x00000000e4b80000,0x00000000e5600000)
 ParOldGen       total 61952K, used 9833K [0x00000000a0000000, 0x00000000a3c80000, 0x00000000e0000000)
  object space 61952K, 15% used [0x00000000a0000000,0x00000000a099a4a8,0x00000000a3c80000)
 Metaspace       used 28472K, capacity 29124K, committed 29312K, reserved 1075200K
  class space    used 3898K, capacity 4147K, committed 4224K, reserved 1048576K
}
Event: 3.120 GC heap before
{Heap before GC invocations=9 (full 1):
 PSYoungGen      total 77312K, used 74095K [0x00000000e0000000, 0x00000000e5700000, 0x0000000100000000)
  eden space 66048K, 100% used [0x00000000e0000000,0x00000000e4080000,0x00000000e4080000)
  from space 11264K, 71% used [0x00000000e4080000,0x00000000e485bf40,0x00000000e4b80000)
  to   space 10752K, 0% used [0x00000000e4b80000,0x00000000e4b80000,0x00000000e5600000)
 ParOldGen       total 61952K, used 9833K [0x00000000a0000000, 0x00000000a3c80000, 0x00000000e0000000)
  object space 61952K, 15% used [0x00000000a0000000,0x00000000a099a4a8,0x00000000a3c80000)
 Metaspace       used 33395K, capacity 34114K, committed 34176K, reserved 1079296K
  class space    used 4499K, capacity 4733K, committed 4736K, reserved 1048576K
Event: 3.126 GC heap after
Heap after GC invocations=9 (full 1):
 PSYoungGen      total 76800K, used 10281K [0x00000000e0000000, 0x00000000e5700000, 0x0000000100000000)
  eden space 66048K, 0% used [0x00000000e0000000,0x00000000e0000000,0x00000000e4080000)
  from space 10752K, 95% used [0x00000000e4b80000,0x00000000e558a670,0x00000000e5600000)
  to   space 11264K, 0% used [0x00000000e4080000,0x00000000e4080000,0x00000000e4b80000)
 ParOldGen       total 61952K, used 9841K [0x00000000a0000000, 0x00000000a3c80000, 0x00000000e0000000)
  object space 61952K, 15% used [0x00000000a0000000,0x00000000a099c4a8,0x00000000a3c80000)
 Metaspace       used 33395K, capacity 34114K, committed 34176K, reserved 1079296K
  class space    used 4499K, capacity 4733K, committed 4736K, reserved 1048576K
}
Event: 3.252 GC heap before
{Heap before GC invocations=10 (full 1):
 PSYoungGen      total 76800K, used 27109K [0x00000000e0000000, 0x00000000e5700000, 0x0000000100000000)
  eden space 66048K, 25% used [0x00000000e0000000,0x00000000e106ef28,0x00000000e4080000)
  from space 10752K, 95% used [0x00000000e4b80000,0x00000000e558a670,0x00000000e5600000)
  to   space 11264K, 0% used [0x00000000e4080000,0x00000000e4080000,0x00000000e4b80000)
 ParOldGen       total 61952K, used 9841K [0x00000000a0000000, 0x00000000a3c80000, 0x00000000e0000000)
  object space 61952K, 15% used [0x00000000a0000000,0x00000000a099c4a8,0x00000000a3c80000)
 Metaspace       used 34542K, capacity 35442K, committed 35496K, reserved 1079296K
  class space    used 4591K, capacity 4852K, committed 4864K, reserved 1048576K
Event: 3.258 GC heap after
Heap after GC invocations=10 (full 1):
 PSYoungGen      total 77312K, used 7945K [0x00000000e0000000, 0x00000000e5700000, 0x0000000100000000)
  eden space 66048K, 0% used [0x00000000e0000000,0x00000000e0000000,0x00000000e4080000)
  from space 11264K, 70% used [0x00000000e4080000,0x00000000e4842538,0x00000000e4b80000)
  to   space 10752K, 0% used [0x00000000e4b80000,0x00000000e4b80000,0x00000000e5600000)
 ParOldGen       total 61952K, used 9849K [0x00000000a0000000, 0x00000000a3c80000, 0x00000000e0000000)
  object space 61952K, 15% used [0x00000000a0000000,0x00000000a099e4a8,0x00000000a3c80000)
 Metaspace       used 34542K, capacity 35442K, committed 35496K, reserved 1079296K
  class space    used 4591K, capacity 4852K, committed 4864K, reserved 1048576K
}
Event: 3.258 GC heap before
{Heap before GC invocations=11 (full 2):
 PSYoungGen      total 77312K, used 7945K [0x00000000e0000000, 0x00000000e5700000, 0x0000000100000000)
  eden space 66048K, 0% used [0x00000000e0000000,0x00000000e0000000,0x00000000e4080000)
  from space 11264K, 70% used [0x00000000e4080000,0x00000000e4842538,0x00000000e4b80000)
  to   space 10752K, 0% used [0x00000000e4b80000,0x00000000e4b80000,0x00000000e5600000)
 ParOldGen       total 61952K, used 9849K [0x00000000a0000000, 0x00000000a3c80000, 0x00000000e0000000)
  object space 61952K, 15% used [0x00000000a0000000,0x00000000a099e4a8,0x00000000a3c80000)
 Metaspace       used 34542K, capacity 35442K, committed 35496K, reserved 1079296K
  class space    used 4591K, capacity 4852K, committed 4864K, reserved 1048576K
Event: 3.289 GC heap after
Heap after GC invocations=11 (full 2):
 PSYoungGen      total 77312K, used 0K [0x00000000e0000000, 0x00000000e5700000, 0x0000000100000000)
  eden space 66048K, 0% used [0x00000000e0000000,0x00000000e0000000,0x00000000e4080000)
  from space 11264K, 0% used [0x00000000e4080000,0x00000000e4080000,0x00000000e4b80000)
  to   space 10752K, 0% used [0x00000000e4b80000,0x00000000e4b80000,0x00000000e5600000)
 ParOldGen       total 61952K, used 15178K [0x00000000a0000000, 0x00000000a3c80000, 0x00000000e0000000)
  object space 61952K, 24% used [0x00000000a0000000,0x00000000a0ed2868,0x00000000a3c80000)
 Metaspace       used 34495K, capacity 35338K, committed 35496K, reserved 1079296K
  class space    used 4579K, capacity 4840K, committed 4864K, reserved 1048576K
}
Event: 3.679 GC heap before
{Heap before GC invocations=12 (full 2):
 PSYoungGen      total 77312K, used 66048K [0x00000000e0000000, 0x00000000e5700000, 0x0000000100000000)
  eden space 66048K, 100% used [0x00000000e0000000,0x00000000e4080000,0x00000000e4080000)
  from space 11264K, 0% used [0x00000000e4080000,0x00000000e4080000,0x00000000e4b80000)
  to   space 10752K, 0% used [0x00000000e4b80000,0x00000000e4b80000,0x00000000e5600000)
 ParOldGen       total 61952K, used 15178K [0x00000000a0000000, 0x00000000a3c80000, 0x00000000e0000000)
  object space 61952K, 24% used [0x00000000a0000000,0x00000000a0ed2868,0x00000000a3c80000)
 Metaspace       used 37662K, capacity 38668K, committed 38912K, reserved 1083392K
  class space    used 5067K, capacity 5325K, committed 5376K, reserved 1048576K
Event: 3.683 GC heap after
Heap after GC invocations=12 (full 2):
 PSYoungGen      total 76800K, used 6393K [0x00000000e0000000, 0x00000000e5700000, 0x0000000100000000)
  eden space 66048K, 0% used [0x00000000e0000000,0x00000000e0000000,0x00000000e4080000)
  from space 10752K, 59% used [0x00000000e4b80000,0x00000000e51be480,0x00000000e5600000)
  to   space 11264K, 0% used [0x00000000e4080000,0x00000000e4080000,0x00000000e4b80000)
 ParOldGen       total 61952K, used 15178K [0x00000000a0000000, 0x00000000a3c80000, 0x00000000e0000000)
  object space 61952K, 24% used [0x00000000a0000000,0x00000000a0ed2868,0x00000000a3c80000)
 Metaspace       used 37662K, capacity 38668K, committed 38912K, reserved 1083392K
  class space    used 5067K, capacity 5325K, committed 5376K, reserved 1048576K
}

Deoptimization events (10 events):
Event: 3.498 Thread 0x000000001a941000 Uncommon trap: reason=bimorphic action=maybe_recompile pc=0x0000000003617620 method=java.util.AbstractCollection.addAll(Ljava/util/Collection;)Z @ 29
Event: 3.527 Thread 0x000000001a941000 Uncommon trap: reason=unstable_if action=reinterpret pc=0x000000000328834c method=java.net.URLStreamHandler.sameFile(Ljava/net/URL;Ljava/net/URL;)Z @ 63
Event: 3.577 Thread 0x000000001a941000 Uncommon trap: reason=unstable_if action=reinterpret pc=0x000000000347f1f8 method=java.util.WeakHashMap.put(Ljava/lang/Object;Ljava/lang/Object;)Ljava/lang/Object; @ 59
Event: 3.594 Thread 0x000000001a941000 Uncommon trap: reason=unstable_if action=reinterpret pc=0x00000000035ae670 method=org.gradle.internal.reflect.PropertyAccessorType.isGetGetterName(Ljava/lang/String;)Z @ 14
Event: 3.631 Thread 0x000000001a941000 Uncommon trap: reason=unstable_if action=reinterpret pc=0x0000000003746af8 method=java.util.regex.Pattern$CharProperty.match(Ljava/util/regex/Matcher;ILjava/lang/CharSequence;)Z @ 40
Event: 3.692 Thread 0x000000001a941000 Uncommon trap: reason=unstable_if action=reinterpret pc=0x0000000002ebfae8 method=java.net.URI.match(CJJ)Z @ 45
Event: 3.692 Thread 0x000000001a941000 Uncommon trap: reason=unstable_if action=reinterpret pc=0x0000000002dc2c08 method=java.net.URI.match(CJJ)Z @ 19
Event: 3.909 Thread 0x0000000020cbc800 Uncommon trap: reason=class_check action=maybe_recompile pc=0x00000000031c7030 method=java.util.concurrent.ConcurrentHashMap.putVal(Ljava/lang/Object;Ljava/lang/Object;Z)Ljava/lang/Object; @ 192
Event: 3.994 Thread 0x000000001a941000 Uncommon trap: reason=bimorphic action=maybe_recompile pc=0x0000000003617620 method=java.util.AbstractCollection.addAll(Ljava/util/Collection;)Z @ 29
Event: 4.001 Thread 0x000000001a941000 Uncommon trap: reason=range_check action=make_not_entrant pc=0x0000000003950d18 method=java.lang.String.charAt(I)C @ 27

Classes redefined (0 events):
No events

Internal exceptions (10 events):
Event: 3.648 Thread 0x000000001a941000 Exception <a 'java/lang/ClassNotFoundException': org/gradle/api/internal/artifacts/dsl/DefaultRepositoryHandlerCustomizer> (0x00000000e3aa8880) thrown at [C:\src\AOSP-openjdk-git\hotspot\src\share\vm\classfile\systemDictionary.cpp, line 210]
Event: 3.648 Thread 0x000000001a941000 Exception <a 'java/lang/ClassNotFoundException': org/gradle/api/internal/artifacts/dsl/DefaultRepositoryHandler_DecoratedCustomizer> (0x00000000e3b24b38) thrown at [C:\src\AOSP-openjdk-git\hotspot\src\share\vm\classfile\systemDictionary.cpp, line 210]
Event: 3.687 Thread 0x000000001a941000 Exception <a 'java/lang/ClassNotFoundException': groovy/lang/GString$1BeanInfo> (0x00000000e00e0898) thrown at [C:\src\AOSP-openjdk-git\hotspot\src\share\vm\classfile\systemDictionary.cpp, line 210]
Event: 3.687 Thread 0x000000001a941000 Exception <a 'java/lang/ClassNotFoundException': groovy/lang/GStringBeanInfo> (0x00000000e0101808) thrown at [C:\src\AOSP-openjdk-git\hotspot\src\share\vm\classfile\systemDictionary.cpp, line 210]
Event: 3.687 Thread 0x000000001a941000 Exception <a 'java/lang/ClassNotFoundException': groovy/lang/GStringCustomizer> (0x00000000e01232f0) thrown at [C:\src\AOSP-openjdk-git\hotspot\src\share\vm\classfile\systemDictionary.cpp, line 210]
Event: 3.688 Thread 0x000000001a941000 Exception <a 'java/lang/ClassNotFoundException': groovy/lang/GString$1Customizer> (0x00000000e0186c78) thrown at [C:\src\AOSP-openjdk-git\hotspot\src\share\vm\classfile\systemDictionary.cpp, line 210]
Event: 3.690 Thread 0x000000001a941000 Exception <a 'java/lang/ClassNotFoundException': org/codehaus/groovy/runtime/GStringImplBeanInfo> (0x00000000e02372d8) thrown at [C:\src\AOSP-openjdk-git\hotspot\src\share\vm\classfile\systemDictionary.cpp, line 210]
Event: 3.691 Thread 0x000000001a941000 Exception <a 'java/lang/ClassNotFoundException': org/codehaus/groovy/runtime/GStringImplCustomizer> (0x00000000e0262d00) thrown at [C:\src\AOSP-openjdk-git\hotspot\src\share\vm\classfile\systemDictionary.cpp, line 210]
Event: 3.992 Thread 0x000000001a941000 Exception <a 'java/lang/ClassNotFoundException': build_afvkt0l0gkexqe3wvay3p2k01BeanInfo> (0x00000000e244b630) thrown at [C:\src\AOSP-openjdk-git\hotspot\src\share\vm\classfile\systemDictionary.cpp, line 210]
Event: 3.992 Thread 0x000000001a941000 Exception <a 'java/lang/ClassNotFoundException': build_afvkt0l0gkexqe3wvay3p2k01Customizer> (0x00000000e2458008) thrown at [C:\src\AOSP-openjdk-git\hotspot\src\share\vm\classfile\systemDictionary.cpp, line 210]

Events (10 events):
Event: 4.022 loading class groovy/runtime/metaclass/org/gradle/api/tasks/Delete_DecoratedMetaClass
Event: 4.022 loading class groovy/runtime/metaclass/org/gradle/api/tasks/Delete_DecoratedMetaClass done
Event: 4.023 loading class org/gradle/api/tasks/Delete_DecoratedBeanInfo
Event: 4.023 loading class org/gradle/api/tasks/Delete_DecoratedBeanInfo done
Event: 4.023 loading class org/gradle/api/tasks/Delete_DecoratedBeanInfo
Event: 4.023 loading class org/gradle/api/tasks/Delete_DecoratedBeanInfo done
Event: 4.023 loading class org/gradle/api/tasks/Delete_DecoratedBeanInfo
Event: 4.023 loading class org/gradle/api/tasks/Delete_DecoratedBeanInfo done
Event: 4.036 Thread 0x000000001a941000 DEOPT PACKING pc=0x0000000003057f6d sp=0x000000001c0141d0
Event: 4.036 Thread 0x000000001a941000 DEOPT UNPACKING pc=0x0000000002c975d0 sp=0x000000001c013ee0 mode 0


Dynamic libraries:
0x00007ff78db50000 - 0x00007ff78db81000 	E:\androidstudio4\jre\bin\java.exe
0x00007ffa1cde0000 - 0x00007ffa1cfd0000 	C:\Windows\SYSTEM32\ntdll.dll
0x00007ffa1b930000 - 0x00007ffa1b9e2000 	C:\Windows\System32\KERNEL32.DLL
0x00007ffa1a7b0000 - 0x00007ffa1aa53000 	C:\Windows\System32\KERNELBASE.dll
0x00007ffa1cb90000 - 0x00007ffa1cc33000 	C:\Windows\System32\ADVAPI32.dll
0x00007ffa1c850000 - 0x00007ffa1c8ee000 	C:\Windows\System32\msvcrt.dll
0x00007ffa1b050000 - 0x00007ffa1b0e7000 	C:\Windows\System32\sechost.dll
0x00007ffa1ca40000 - 0x00007ffa1cb60000 	C:\Windows\System32\RPCRT4.dll
0x00007ffa1aeb0000 - 0x00007ffa1b044000 	C:\Windows\System32\USER32.dll
0x00007ffa1a750000 - 0x00007ffa1a771000 	C:\Windows\System32\win32u.dll
0x00007ffa1cb60000 - 0x00007ffa1cb86000 	C:\Windows\System32\GDI32.dll
0x00007ffa1a4f0000 - 0x00007ffa1a684000 	C:\Windows\System32\gdi32full.dll
0x00007ffa1a690000 - 0x00007ffa1a72e000 	C:\Windows\System32\msvcp_win.dll
0x00007ffa1ab70000 - 0x00007ffa1ac6a000 	C:\Windows\System32\ucrtbase.dll
0x00007ffa07850000 - 0x00007ffa07ad5000 	C:\Windows\WinSxS\amd64_microsoft.windows.common-controls_6595b64144ccf1df_6.0.18362.720_none_e6beb5c51314836b\COMCTL32.dll
0x00007ffa1bf80000 - 0x00007ffa1c2b6000 	C:\Windows\System32\combase.dll
0x00007ffa1ac70000 - 0x00007ffa1acf0000 	C:\Windows\System32\bcryptPrimitives.dll
0x00007ffa1b840000 - 0x00007ffa1b86e000 	C:\Windows\System32\IMM32.DLL
0x000000005cec0000 - 0x000000005cf92000 	E:\androidstudio4\jre\jre\bin\msvcr100.dll
0x000000005d080000 - 0x000000005d8cb000 	E:\androidstudio4\jre\jre\bin\server\jvm.dll
0x00007ffa1aea0000 - 0x00007ffa1aea8000 	C:\Windows\System32\PSAPI.DLL
0x00007ffa156d0000 - 0x00007ffa156d9000 	C:\Windows\SYSTEM32\WSOCK32.dll
0x00007ffa12990000 - 0x00007ffa1299a000 	C:\Windows\SYSTEM32\VERSION.dll
0x00007ffa16f80000 - 0x00007ffa16fa4000 	C:\Windows\SYSTEM32\WINMM.dll
0x00007ffa1bf10000 - 0x00007ffa1bf7f000 	C:\Windows\System32\WS2_32.dll
0x00007ffa16f50000 - 0x00007ffa16f7d000 	C:\Windows\SYSTEM32\winmmbase.dll
0x00007ffa1acf0000 - 0x00007ffa1ad3a000 	C:\Windows\System32\cfgmgr32.dll
0x00007ffa122a0000 - 0x00007ffa122af000 	E:\androidstudio4\jre\jre\bin\verify.dll
0x00007ffa12270000 - 0x00007ffa12299000 	E:\androidstudio4\jre\jre\bin\java.dll
0x00007ffa0e990000 - 0x00007ffa0e9a6000 	E:\androidstudio4\jre\jre\bin\zip.dll
0x00007ffa1b0f0000 - 0x00007ffa1b7d5000 	C:\Windows\System32\SHELL32.dll
0x00007ffa1bb30000 - 0x00007ffa1bbd9000 	C:\Windows\System32\shcore.dll
0x00007ffa19d70000 - 0x00007ffa1a4f0000 	C:\Windows\System32\windows.storage.dll
0x00007ffa19d00000 - 0x00007ffa19d23000 	C:\Windows\System32\profapi.dll
0x00007ffa19cb0000 - 0x00007ffa19cfa000 	C:\Windows\System32\powrprof.dll
0x00007ffa19ca0000 - 0x00007ffa19cb0000 	C:\Windows\System32\UMPDC.dll
0x00007ffa1b7e0000 - 0x00007ffa1b832000 	C:\Windows\System32\shlwapi.dll
0x00007ffa19d30000 - 0x00007ffa19d41000 	C:\Windows\System32\kernel.appcore.dll
0x00007ffa1a730000 - 0x00007ffa1a747000 	C:\Windows\System32\cryptsp.dll
0x00007ffa0e970000 - 0x00007ffa0e98a000 	E:\androidstudio4\jre\jre\bin\net.dll
0x00007ffa194b0000 - 0x00007ffa19517000 	C:\Windows\system32\mswsock.dll
0x00007ffa094a0000 - 0x00007ffa094b3000 	E:\androidstudio4\jre\jre\bin\nio.dll
0x00007ffa02ab0000 - 0x00007ffa02ad6000 	C:\Users\yq17498\.gradle\native\30\windows-amd64\native-platform.dll
0x00007ffa12260000 - 0x00007ffa1226d000 	E:\androidstudio4\jre\jre\bin\management.dll
0x00007ffa19020000 - 0x00007ffa19053000 	C:\Windows\system32\rsaenh.dll
0x00007ffa1a780000 - 0x00007ffa1a7a6000 	C:\Windows\System32\bcrypt.dll
0x00007ffa19b90000 - 0x00007ffa19bb5000 	C:\Windows\SYSTEM32\USERENV.dll
0x00007ffa19680000 - 0x00007ffa1968c000 	C:\Windows\SYSTEM32\CRYPTBASE.dll
0x00007ffa191c0000 - 0x00007ffa191fa000 	C:\Windows\SYSTEM32\IPHLPAPI.DLL
0x00007ffa1ae90000 - 0x00007ffa1ae98000 	C:\Windows\System32\NSI.dll
0x00007ffa15aa0000 - 0x00007ffa15ab6000 	C:\Windows\SYSTEM32\dhcpcsvc6.DLL
0x00007ffa15990000 - 0x00007ffa159ac000 	C:\Windows\SYSTEM32\dhcpcsvc.DLL
0x00007ffa19200000 - 0x00007ffa192ca000 	C:\Windows\SYSTEM32\DNSAPI.dll

VM Arguments:
jvm_args: -Xmx1536m -Dfile.encoding=GBK -Duser.country=CN -Duser.language=zh -Duser.variant 
java_command: org.gradle.launcher.daemon.bootstrap.GradleDaemon 5.6.4
java_class_path (initial): C:\Users\yq17498\.gradle\wrapper\dists\gradle-5.6.4-all\ankdp27end7byghfw1q2sw75f\gradle-5.6.4\lib\gradle-launcher-5.6.4.jar
Launcher Type: SUN_STANDARD

Environment Variables:
PATH=C:\Windows\system32;C:\Windows;C:\Windows\System32\Wbem;C:\Windows\System32\WindowsPowerShell\v1.0\;C:\Windows\System32\OpenSSH\;E:\jdk14\bin;E:\AndroidSDK;C:\Users\yq17498\AppData\Local\Microsoft\WindowsApps;E:\Git\Git\cmd
USERNAME=YQ17498
OS=Windows_NT
PROCESSOR_IDENTIFIER=Intel64 Family 6 Model 158 Stepping 10, GenuineIntel



---------------  S Y S T E M  ---------------

OS: Windows 10.0 , 64 bit Build 18362 (10.0.18362.329)

CPU:total 6 (initial active 6) (6 cores per cpu, 1 threads per core) family 6 model 158 stepping 10, cmov, cx8, fxsr, mmx, sse, sse2, sse3, ssse3, sse4.1, sse4.2, popcnt, avx, avx2, aes, clmul, erms, rtm, 3dnowpref, lzcnt, tsc, tscinvbit, bmi1, bmi2, adx

Memory: 4k page, physical 8268572k(907512k free), swap 8268572k(3740k free)

vm_info: OpenJDK 64-Bit Server VM (25.242-b01) for windows-amd64 JRE (1.8.0_242-release-1644-b01), built by "builder" with MS VC++ 10.0 (VS2010)

time: Fri Jun 12 18:43:44 2020
timezone: 中国标准时间
elapsed time: 4 seconds (0d 0h 0m 4s)

