#
# There is insufficient memory for the Java Runtime Environment to continue.
# Native memory allocation (malloc) failed to allocate 32744 bytes for ChunkPool::allocate
# Possible reasons:
#   The system is out of physical RAM or swap space
#   The process is running with CompressedOops enabled, and the Java Heap may be blocking the growth of the native heap
# Possible solutions:
#   Reduce memory load on the system
#   Increase physical memory or swap space
#   Check if swap backing store is full
#   Decrease Java heap size (-Xmx/-Xms)
#   Decrease number of Java threads
#   Decrease Java thread stack sizes (-Xss)
#   Set larger code cache with -XX:ReservedCodeCacheSize=
#   JVM is running with Unscaled Compressed Oops mode in which the Java heap is
#     placed in the first 4GB address space. The Java Heap base address is the
#     maximum limit for the native heap growth. Please use -XX:HeapBaseMinAddress
#     to set the Java Heap base and to place the Java Heap above 4GB virtual address.
# This output file may be truncated or incomplete.
#
#  Out of Memory Error (allocation.cpp:272), pid=11256, tid=0x000000000000043c
#
# JRE version: OpenJDK Runtime Environment (8.0_242-b01) (build 1.8.0_242-release-1644-b01)
# Java VM: OpenJDK 64-Bit Server VM (25.242-b01 mixed mode windows-amd64 compressed oops)
# Failed to write core dump. Minidumps are not enabled by default on client versions of Windows
#

---------------  T H R E A D  ---------------

Current thread (0x000000001842f000):  JavaThread "C2 CompilerThread1" daemon [_thread_in_native, id=1084, stack(0x0000000018ae0000,0x0000000018be0000)]

Stack: [0x0000000018ae0000,0x0000000018be0000]
[error occurred during error reporting (printing stack bounds), id 0xc0000005]

Native frames: (J=compiled Java code, j=interpreted, Vv=VM code, C=native code)


Current CompileTask:
C2:  18153 6335       4       java.lang.ClassLoader::defineClass (43 bytes)


---------------  P R O C E S S  ---------------

Java Threads: ( => current thread )
  0x000000001ffa3000 JavaThread "Build operations Thread 6" [_thread_blocked, id=11776, stack(0x0000000023070000,0x0000000023170000)]
  0x000000001ffa7800 JavaThread "Build operations Thread 5" [_thread_blocked, id=12472, stack(0x0000000022970000,0x0000000022a70000)]
  0x000000001ffa2000 JavaThread "Build operations Thread 4" [_thread_blocked, id=13588, stack(0x0000000022870000,0x0000000022970000)]
  0x000000001ffa4800 JavaThread "Build operations Thread 3" [_thread_blocked, id=6260, stack(0x0000000022770000,0x0000000022870000)]
  0x000000001ffa9000 JavaThread "Build operations Thread 2" [_thread_blocked, id=12420, stack(0x0000000022670000,0x0000000022770000)]
  0x000000001ffa1800 JavaThread "Build operations" [_thread_blocked, id=13280, stack(0x0000000022280000,0x0000000022380000)]
  0x000000001a95f800 JavaThread "Cache worker for execution history cache (C:\Users\yq17498\.gradle\caches\5.6.4\executionHistory)" [_thread_blocked, id=3204, stack(0x0000000020850000,0x0000000020950000)]
  0x000000001a95e000 JavaThread "Cache worker for cache directory md-rule (C:\Users\yq17498\.gradle\caches\5.6.4\md-rule)" [_thread_blocked, id=12632, stack(0x000000001f0a0000,0x000000001f1a0000)]
  0x000000001a95c800 JavaThread "Cache worker for cache directory md-supplier (C:\Users\yq17498\.gradle\caches\5.6.4\md-supplier)" [_thread_blocked, id=14380, stack(0x000000001edf0000,0x000000001eef0000)]
  0x000000001a962000 JavaThread "Cache worker for file hash cache (F:\AndroidProject\SunnyWeather\.gradle\5.6.4\fileHashes)" [_thread_blocked, id=2956, stack(0x000000001efa0000,0x000000001f0a0000)]
  0x000000001a95d000 JavaThread "Cache worker for journal cache (C:\Users\yq17498\.gradle\caches\journal-1)" [_thread_blocked, id=5284, stack(0x000000001c950000,0x000000001ca50000)]
  0x000000001a98f800 JavaThread "File lock request listener" [_thread_in_native, id=11880, stack(0x000000001c850000,0x000000001c950000)]
  0x000000001a98e800 JavaThread "Cache worker for file hash cache (C:\Users\yq17498\.gradle\caches\5.6.4\fileHashes)" [_thread_blocked, id=6100, stack(0x000000001c750000,0x000000001c850000)]
  0x000000001a8cd800 JavaThread "Thread-9" [_thread_blocked, id=2744, stack(0x000000001c450000,0x000000001c550000)]
  0x000000001a8cc000 JavaThread "Stdin handler" [_thread_blocked, id=13364, stack(0x000000001c350000,0x000000001c450000)]
  0x000000001a8b0800 JavaThread "Asynchronous log dispatcher for DefaultDaemonConnection: socket connection from /127.0.0.1:6220 to /127.0.0.1:6221" [_thread_blocked, id=11292, stack(0x000000001c250000,0x000000001c350000)]
  0x000000001a8ab000 JavaThread "Daemon worker" [_thread_in_vm, id=15080, stack(0x000000001c150000,0x000000001c250000)]
  0x000000001a871000 JavaThread "Cancel handler" [_thread_blocked, id=5528, stack(0x000000001c050000,0x000000001c150000)]
  0x000000001a89d000 JavaThread "Handler for socket connection from /127.0.0.1:6220 to /127.0.0.1:6221" [_thread_in_native, id=14716, stack(0x000000001bd50000,0x000000001be50000)]
  0x000000001a851800 JavaThread "Daemon" [_thread_blocked, id=14612, stack(0x000000001bc50000,0x000000001bd50000)]
  0x000000001a7fb000 JavaThread "Daemon periodic checks" [_thread_blocked, id=5420, stack(0x000000001bb50000,0x000000001bc50000)]
  0x000000001a7f3000 JavaThread "Incoming local TCP Connector on port 6220" [_thread_in_native, id=11068, stack(0x000000001b9a0000,0x000000001baa0000)]
  0x0000000018542000 JavaThread "Daemon health stats" [_thread_blocked, id=8916, stack(0x000000001b680000,0x000000001b780000)]
  0x00000000184b6800 JavaThread "Service Thread" daemon [_thread_blocked, id=10732, stack(0x0000000018ce0000,0x0000000018de0000)]
  0x000000001843a000 JavaThread "C1 CompilerThread2" daemon [_thread_blocked, id=13624, stack(0x0000000018be0000,0x0000000018ce0000)]
=>0x000000001842f000 JavaThread "C2 CompilerThread1" daemon [_thread_in_native, id=1084, stack(0x0000000018ae0000,0x0000000018be0000)]
  0x000000001842b000 JavaThread "C2 CompilerThread0" daemon [_thread_in_native, id=484, stack(0x00000000189e0000,0x0000000018ae0000)]
  0x000000001842a000 JavaThread "Attach Listener" daemon [_thread_blocked, id=14572, stack(0x00000000188e0000,0x00000000189e0000)]
  0x0000000016a7f000 JavaThread "Signal Dispatcher" daemon [_thread_blocked, id=148, stack(0x00000000187e0000,0x00000000188e0000)]
  0x0000000002eba800 JavaThread "Finalizer" daemon [_thread_blocked, id=13896, stack(0x00000000182e0000,0x00000000183e0000)]
  0x0000000002eb2800 JavaThread "Reference Handler" daemon [_thread_blocked, id=5272, stack(0x00000000181e0000,0x00000000182e0000)]
  0x0000000002dc2800 JavaThread "main" [_thread_blocked, id=13628, stack(0x0000000002c20000,0x0000000002d20000)]

Other Threads:
  0x0000000016a37000 VMThread [stack: 0x00000000180e0000,0x00000000181e0000] [id=3140]
  0x00000000184b8800 WatcherThread [stack: 0x0000000018de0000,0x0000000018ee0000] [id=14992]

VM state:not at safepoint (normal execution)

VM Mutex/Monitor currently owned by a thread: None

heap address: 0x00000000a0000000, size: 1536 MB, Compressed Oops mode: 32-bit
Narrow klass base: 0x0000000000000000, Narrow klass shift: 3
Compressed class space size: 1073741824 Address: 0x0000000100000000

Heap:
 PSYoungGen      total 224768K, used 133122K [0x00000000e0000000, 0x00000000f0880000, 0x0000000100000000)
  eden space 207872K, 57% used [0x00000000e0000000,0x00000000e747e490,0x00000000ecb00000)
  from space 16896K, 81% used [0x00000000ecb00000,0x00000000ed882390,0x00000000edb80000)
  to   space 18432K, 0% used [0x00000000ef680000,0x00000000ef680000,0x00000000f0880000)
 ParOldGen       total 87040K, used 15696K [0x00000000a0000000, 0x00000000a5500000, 0x00000000e0000000)
  object space 87040K, 18% used [0x00000000a0000000,0x00000000a0f54080,0x00000000a5500000)
 Metaspace       used 46761K, capacity 48170K, committed 48384K, reserved 1091584K
  class space    used 6046K, capacity 6388K, committed 6400K, reserved 1048576K

Card table byte_map: [0x0000000012280000,0x0000000012590000] byte_map_base: 0x0000000011d80000

Marking Bits: (ParMarkBitMap*) 0x000000005d84f030
 Begin Bits: [0x0000000012d90000, 0x0000000014590000)
 End Bits:   [0x0000000014590000, 0x0000000015d90000)

Polling page: 0x00000000028a0000

CodeCache: size=245760Kb used=19901Kb max_used=19901Kb free=225858Kb
 bounds [0x0000000002ec0000, 0x0000000004250000, 0x0000000011ec0000]
 total_blobs=6540 nmethods=5739 adapters=712
 compilation: enabled

Compilation events (10 events):
Event: 18.137 Thread 0x000000001843a000 nmethod 6337 0x000000000423b6d0 code [0x000000000423b860, 0x000000000423be58]
Event: 18.137 Thread 0x000000001843a000 6338       3       java.lang.invoke.MethodHandleImpl::castReference (20 bytes)
Event: 18.137 Thread 0x000000001843a000 nmethod 6338 0x000000000423bf90 code [0x000000000423c100, 0x000000000423c3a8]
Event: 18.138 Thread 0x000000001843a000 6340       3       java.lang.invoke.InnerClassLambdaMetafactory::getLoadOpcode (25 bytes)
Event: 18.138 Thread 0x000000001843a000 nmethod 6340 0x000000000423c490 code [0x000000000423c620, 0x000000000423c898]
Event: 18.138 Thread 0x000000001843a000 6341       3       java.lang.invoke.InnerClassLambdaMetafactory::getParameterSize (27 bytes)
Event: 18.138 Thread 0x000000001843a000 nmethod 6341 0x000000000423c990 code [0x000000000423cb00, 0x000000000423cd30]
Event: 18.138 Thread 0x000000001843a000 6343       3       java.lang.invoke.MethodType::<init> (40 bytes)
Event: 18.138 Thread 0x000000001843a000 nmethod 6343 0x000000000423cd90 code [0x000000000423cf40, 0x000000000423d5a8]
Event: 18.138 Thread 0x000000001843a000 6344       3       java.lang.invoke.MethodTypeForm::canonicalize (64 bytes)

GC Heap History (10 events):
Event: 3.809 GC heap before
{Heap before GC invocations=7 (full 1):
 PSYoungGen      total 138240K, used 133120K [0x00000000e0000000, 0x00000000e8c00000, 0x0000000100000000)
  eden space 133120K, 100% used [0x00000000e0000000,0x00000000e8200000,0x00000000e8200000)
  from space 5120K, 0% used [0x00000000e8200000,0x00000000e8200000,0x00000000e8700000)
  to   space 5120K, 0% used [0x00000000e8700000,0x00000000e8700000,0x00000000e8c00000)
 ParOldGen       total 57856K, used 7867K [0x00000000a0000000, 0x00000000a3880000, 0x00000000e0000000)
  object space 57856K, 13% used [0x00000000a0000000,0x00000000a07aeeb8,0x00000000a3880000)
 Metaspace       used 33420K, capacity 34178K, committed 34432K, reserved 1079296K
  class space    used 4494K, capacity 4733K, committed 4736K, reserved 1048576K
Event: 3.828 GC heap after
Heap after GC invocations=7 (full 1):
 PSYoungGen      total 126464K, used 5092K [0x00000000e0000000, 0x00000000f0000000, 0x0000000100000000)
  eden space 121344K, 0% used [0x00000000e0000000,0x00000000e0000000,0x00000000e7680000)
  from space 5120K, 99% used [0x00000000e8700000,0x00000000e8bf90c0,0x00000000e8c00000)
  to   space 16896K, 0% used [0x00000000e7680000,0x00000000e7680000,0x00000000e8700000)
 ParOldGen       total 57856K, used 17283K [0x00000000a0000000, 0x00000000a3880000, 0x00000000e0000000)
  object space 57856K, 29% used [0x00000000a0000000,0x00000000a10e0d78,0x00000000a3880000)
 Metaspace       used 33420K, capacity 34178K, committed 34432K, reserved 1079296K
  class space    used 4494K, capacity 4733K, committed 4736K, reserved 1048576K
}
Event: 3.986 GC heap before
{Heap before GC invocations=8 (full 1):
 PSYoungGen      total 126464K, used 25888K [0x00000000e0000000, 0x00000000f0000000, 0x0000000100000000)
  eden space 121344K, 17% used [0x00000000e0000000,0x00000000e144f130,0x00000000e7680000)
  from space 5120K, 99% used [0x00000000e8700000,0x00000000e8bf90c0,0x00000000e8c00000)
  to   space 16896K, 0% used [0x00000000e7680000,0x00000000e7680000,0x00000000e8700000)
 ParOldGen       total 57856K, used 17283K [0x00000000a0000000, 0x00000000a3880000, 0x00000000e0000000)
  object space 57856K, 29% used [0x00000000a0000000,0x00000000a10e0d78,0x00000000a3880000)
 Metaspace       used 34505K, capacity 35442K, committed 35496K, reserved 1079296K
  class space    used 4587K, capacity 4852K, committed 4864K, reserved 1048576K
Event: 3.994 GC heap after
Heap after GC invocations=8 (full 1):
 PSYoungGen      total 138240K, used 7078K [0x00000000e0000000, 0x00000000eef00000, 0x0000000100000000)
  eden space 121344K, 0% used [0x00000000e0000000,0x00000000e0000000,0x00000000e7680000)
  from space 16896K, 41% used [0x00000000e7680000,0x00000000e7d69800,0x00000000e8700000)
  to   space 15872K, 0% used [0x00000000edf80000,0x00000000edf80000,0x00000000eef00000)
 ParOldGen       total 57856K, used 17291K [0x00000000a0000000, 0x00000000a3880000, 0x00000000e0000000)
  object space 57856K, 29% used [0x00000000a0000000,0x00000000a10e2d78,0x00000000a3880000)
 Metaspace       used 34505K, capacity 35442K, committed 35496K, reserved 1079296K
  class space    used 4587K, capacity 4852K, committed 4864K, reserved 1048576K
}
Event: 3.994 GC heap before
{Heap before GC invocations=9 (full 2):
 PSYoungGen      total 138240K, used 7078K [0x00000000e0000000, 0x00000000eef00000, 0x0000000100000000)
  eden space 121344K, 0% used [0x00000000e0000000,0x00000000e0000000,0x00000000e7680000)
  from space 16896K, 41% used [0x00000000e7680000,0x00000000e7d69800,0x00000000e8700000)
  to   space 15872K, 0% used [0x00000000edf80000,0x00000000edf80000,0x00000000eef00000)
 ParOldGen       total 57856K, used 17291K [0x00000000a0000000, 0x00000000a3880000, 0x00000000e0000000)
  object space 57856K, 29% used [0x00000000a0000000,0x00000000a10e2d78,0x00000000a3880000)
 Metaspace       used 34505K, capacity 35442K, committed 35496K, reserved 1079296K
  class space    used 4587K, capacity 4852K, committed 4864K, reserved 1048576K
Event: 4.051 GC heap after
Heap after GC invocations=9 (full 2):
 PSYoungGen      total 138240K, used 0K [0x00000000e0000000, 0x00000000eef00000, 0x0000000100000000)
  eden space 121344K, 0% used [0x00000000e0000000,0x00000000e0000000,0x00000000e7680000)
  from space 16896K, 0% used [0x00000000e7680000,0x00000000e7680000,0x00000000e8700000)
  to   space 15872K, 0% used [0x00000000edf80000,0x00000000edf80000,0x00000000eef00000)
 ParOldGen       total 87040K, used 15608K [0x00000000a0000000, 0x00000000a5500000, 0x00000000e0000000)
  object space 87040K, 17% used [0x00000000a0000000,0x00000000a0f3e070,0x00000000a5500000)
 Metaspace       used 34459K, capacity 35338K, committed 35496K, reserved 1079296K
  class space    used 4576K, capacity 4840K, committed 4864K, reserved 1048576K
}
Event: 5.431 GC heap before
{Heap before GC invocations=10 (full 2):
 PSYoungGen      total 138240K, used 121344K [0x00000000e0000000, 0x00000000eef00000, 0x0000000100000000)
  eden space 121344K, 100% used [0x00000000e0000000,0x00000000e7680000,0x00000000e7680000)
  from space 16896K, 0% used [0x00000000e7680000,0x00000000e7680000,0x00000000e8700000)
  to   space 15872K, 0% used [0x00000000edf80000,0x00000000edf80000,0x00000000eef00000)
 ParOldGen       total 87040K, used 15608K [0x00000000a0000000, 0x00000000a5500000, 0x00000000e0000000)
  object space 87040K, 17% used [0x00000000a0000000,0x00000000a0f3e070,0x00000000a5500000)
 Metaspace       used 41777K, capacity 42844K, committed 43136K, reserved 1087488K
  class space    used 5583K, capacity 5891K, committed 6016K, reserved 1048576K
Event: 5.444 GC heap after
Heap after GC invocations=10 (full 2):
 PSYoungGen      total 197120K, used 12713K [0x00000000e0000000, 0x00000000eec00000, 0x0000000100000000)
  eden space 184320K, 0% used [0x00000000e0000000,0x00000000e0000000,0x00000000eb400000)
  from space 12800K, 99% used [0x00000000edf80000,0x00000000eebea500,0x00000000eec00000)
  to   space 16896K, 0% used [0x00000000ecb00000,0x00000000ecb00000,0x00000000edb80000)
 ParOldGen       total 87040K, used 15616K [0x00000000a0000000, 0x00000000a5500000, 0x00000000e0000000)
  object space 87040K, 17% used [0x00000000a0000000,0x00000000a0f40070,0x00000000a5500000)
 Metaspace       used 41777K, capacity 42844K, committed 43136K, reserved 1087488K
  class space    used 5583K, capacity 5891K, committed 6016K, reserved 1048576K
}
Event: 17.413 GC heap before
{Heap before GC invocations=11 (full 2):
 PSYoungGen      total 197120K, used 197033K [0x00000000e0000000, 0x00000000eec00000, 0x0000000100000000)
  eden space 184320K, 100% used [0x00000000e0000000,0x00000000eb400000,0x00000000eb400000)
  from space 12800K, 99% used [0x00000000edf80000,0x00000000eebea500,0x00000000eec00000)
  to   space 16896K, 0% used [0x00000000ecb00000,0x00000000ecb00000,0x00000000edb80000)
 ParOldGen       total 87040K, used 15616K [0x00000000a0000000, 0x00000000a5500000, 0x00000000e0000000)
  object space 87040K, 17% used [0x00000000a0000000,0x00000000a0f40070,0x00000000a5500000)
 Metaspace       used 46358K, capacity 47536K, committed 47872K, reserved 1091584K
  class space    used 5983K, capacity 6293K, committed 6400K, reserved 1048576K
Event: 17.422 GC heap after
Heap after GC invocations=11 (full 2):
 PSYoungGen      total 224768K, used 13832K [0x00000000e0000000, 0x00000000f0880000, 0x0000000100000000)
  eden space 207872K, 0% used [0x00000000e0000000,0x00000000e0000000,0x00000000ecb00000)
  from space 16896K, 81% used [0x00000000ecb00000,0x00000000ed882390,0x00000000edb80000)
  to   space 18432K, 0% used [0x00000000ef680000,0x00000000ef680000,0x00000000f0880000)
 ParOldGen       total 87040K, used 15696K [0x00000000a0000000, 0x00000000a5500000, 0x00000000e0000000)
  object space 87040K, 18% used [0x00000000a0000000,0x00000000a0f54080,0x00000000a5500000)
 Metaspace       used 46358K, capacity 47536K, committed 47872K, reserved 1091584K
  class space    used 5983K, capacity 6293K, committed 6400K, reserved 1048576K
}

Deoptimization events (10 events):
Event: 17.089 Thread 0x000000001a8ab000 Uncommon trap: reason=unstable_if action=reinterpret pc=0x000000000313ae3c method=sun.nio.cs.UTF_8$Decoder.decode([BII[C)I @ 30
Event: 17.824 Thread 0x000000001a8ab000 Uncommon trap: reason=null_check action=make_not_entrant pc=0x00000000041e455c method=org.gradle.api.internal.changedetection.state.StreamZipInput$1.computeNext()Lorg/gradle/api/internal/changedetection/state/ZipEntry; @ 32
Event: 17.827 Thread 0x000000001a8ab000 Uncommon trap: reason=unstable_if action=reinterpret pc=0x00000000030742d0 method=sun.nio.cs.UTF_8$Encoder.encode([CII[B)I @ 33
Event: 17.966 Thread 0x000000001a8ab000 Uncommon trap: reason=unstable_if action=reinterpret pc=0x0000000003c01250 method=java.io.ByteArrayInputStream.read()I @ 8
Event: 18.104 Thread 0x000000001a8ab000 Uncommon trap: reason=class_check action=maybe_recompile pc=0x00000000041df84c method=com.google.common.io.ByteStreams.copy(Ljava/io/InputStream;Ljava/io/OutputStream;)J @ 18
Event: 18.111 Thread 0x000000001a8ab000 Uncommon trap: reason=bimorphic action=maybe_recompile pc=0x00000000037a8c34 method=java.util.AbstractCollection.addAll(Ljava/util/Collection;)Z @ 29
Event: 18.137 Thread 0x000000001a8ab000 Uncommon trap: reason=class_check action=maybe_recompile pc=0x00000000042084a0 method=com.google.common.collect.AbstractIterator.tryToComputeNext()Z @ 9
Event: 18.137 Thread 0x000000001a8ab000 Uncommon trap: reason=class_check action=maybe_recompile pc=0x00000000042084a0 method=com.google.common.collect.AbstractIterator.tryToComputeNext()Z @ 9
Event: 18.137 Thread 0x000000001a8ab000 Uncommon trap: reason=class_check action=maybe_recompile pc=0x00000000042084a0 method=com.google.common.collect.AbstractIterator.tryToComputeNext()Z @ 9
Event: 18.137 Thread 0x000000001a8ab000 Uncommon trap: reason=class_check action=maybe_recompile pc=0x00000000042084a0 method=com.google.common.collect.AbstractIterator.tryToComputeNext()Z @ 9

Classes redefined (0 events):
No events

Internal exceptions (10 events):
Event: 18.074 Thread 0x000000001a8ab000 Exception <a 'java/security/PrivilegedActionException'> (0x00000000e6d4e7c8) thrown at [C:\src\AOSP-openjdk-git\hotspot\src\share\vm\prims\jvm.cpp, line 1502]
Event: 18.074 Thread 0x000000001a8ab000 Exception <a 'java/security/PrivilegedActionException'> (0x00000000e6d4f548) thrown at [C:\src\AOSP-openjdk-git\hotspot\src\share\vm\prims\jvm.cpp, line 1502]
Event: 18.074 Thread 0x000000001a8ab000 Exception <a 'java/security/PrivilegedActionException'> (0x00000000e6d52568) thrown at [C:\src\AOSP-openjdk-git\hotspot\src\share\vm\prims\jvm.cpp, line 1502]
Event: 18.074 Thread 0x000000001a8ab000 Exception <a 'java/security/PrivilegedActionException'> (0x00000000e6d532e8) thrown at [C:\src\AOSP-openjdk-git\hotspot\src\share\vm\prims\jvm.cpp, line 1502]
Event: 18.074 Thread 0x000000001a8ab000 Exception <a 'java/security/PrivilegedActionException'> (0x00000000e6d563f0) thrown at [C:\src\AOSP-openjdk-git\hotspot\src\share\vm\prims\jvm.cpp, line 1502]
Event: 18.074 Thread 0x000000001a8ab000 Exception <a 'java/security/PrivilegedActionException'> (0x00000000e6d57170) thrown at [C:\src\AOSP-openjdk-git\hotspot\src\share\vm\prims\jvm.cpp, line 1502]
Event: 18.074 Thread 0x000000001a8ab000 Exception <a 'java/security/PrivilegedActionException'> (0x00000000e6d5a368) thrown at [C:\src\AOSP-openjdk-git\hotspot\src\share\vm\prims\jvm.cpp, line 1502]
Event: 18.074 Thread 0x000000001a8ab000 Exception <a 'java/security/PrivilegedActionException'> (0x00000000e6d5b0e8) thrown at [C:\src\AOSP-openjdk-git\hotspot\src\share\vm\prims\jvm.cpp, line 1502]
Event: 18.110 Thread 0x000000001a8ab000 Exception <a 'java/lang/ClassNotFoundException': build_afvkt0l0gkexqe3wvay3p2k01BeanInfo> (0x00000000e7093a60) thrown at [C:\src\AOSP-openjdk-git\hotspot\src\share\vm\classfile\systemDictionary.cpp, line 210]
Event: 18.110 Thread 0x000000001a8ab000 Exception <a 'java/lang/ClassNotFoundException': build_afvkt0l0gkexqe3wvay3p2k01Customizer> (0x00000000e70a0438) thrown at [C:\src\AOSP-openjdk-git\hotspot\src\share\vm\classfile\systemDictionary.cpp, line 210]

Events (10 events):
Event: 18.137 loading class org/gradle/internal/reflect/ParameterValidationContext
Event: 18.137 loading class org/gradle/internal/reflect/ParameterValidationContext done
Event: 18.137 loading class org/gradle/internal/reflect/annotations/PropertyAnnotationMetadata
Event: 18.137 loading class org/gradle/internal/reflect/annotations/PropertyAnnotationMetadata done
Event: 18.137 loading class org/gradle/internal/reflect/ParameterValidationContext
Event: 18.137 loading class org/gradle/internal/reflect/ParameterValidationContext done
Event: 18.138 loading class org/gradle/internal/reflect/ParameterValidationContext
Event: 18.138 loading class org/gradle/internal/reflect/ParameterValidationContext done
Event: 18.138 loading class org/gradle/internal/reflect/annotations/impl/DefaultPropertyAnnotationMetadata
Event: 18.138 loading class org/gradle/internal/reflect/annotations/impl/DefaultPropertyAnnotationMetadata done


Dynamic libraries:
0x00007ff78db50000 - 0x00007ff78db81000 	E:\androidstudio4\jre\bin\java.exe
0x00007ffa1cde0000 - 0x00007ffa1cfd0000 	C:\Windows\SYSTEM32\ntdll.dll
0x00007ffa1b930000 - 0x00007ffa1b9e2000 	C:\Windows\System32\KERNEL32.DLL
0x00007ffa1a7b0000 - 0x00007ffa1aa53000 	C:\Windows\System32\KERNELBASE.dll
0x00007ffa1cb90000 - 0x00007ffa1cc33000 	C:\Windows\System32\ADVAPI32.dll
0x00007ffa1c850000 - 0x00007ffa1c8ee000 	C:\Windows\System32\msvcrt.dll
0x00007ffa1b050000 - 0x00007ffa1b0e7000 	C:\Windows\System32\sechost.dll
0x00007ffa1ca40000 - 0x00007ffa1cb60000 	C:\Windows\System32\RPCRT4.dll
0x00007ffa1aeb0000 - 0x00007ffa1b044000 	C:\Windows\System32\USER32.dll
0x00007ffa1a750000 - 0x00007ffa1a771000 	C:\Windows\System32\win32u.dll
0x00007ffa1cb60000 - 0x00007ffa1cb86000 	C:\Windows\System32\GDI32.dll
0x00007ffa1a4f0000 - 0x00007ffa1a684000 	C:\Windows\System32\gdi32full.dll
0x00007ffa1a690000 - 0x00007ffa1a72e000 	C:\Windows\System32\msvcp_win.dll
0x00007ffa1ab70000 - 0x00007ffa1ac6a000 	C:\Windows\System32\ucrtbase.dll
0x00007ffa07850000 - 0x00007ffa07ad5000 	C:\Windows\WinSxS\amd64_microsoft.windows.common-controls_6595b64144ccf1df_6.0.18362.720_none_e6beb5c51314836b\COMCTL32.dll
0x00007ffa1bf80000 - 0x00007ffa1c2b6000 	C:\Windows\System32\combase.dll
0x00007ffa1ac70000 - 0x00007ffa1acf0000 	C:\Windows\System32\bcryptPrimitives.dll
0x00007ffa1b840000 - 0x00007ffa1b86e000 	C:\Windows\System32\IMM32.DLL
0x000000005cec0000 - 0x000000005cf92000 	E:\androidstudio4\jre\jre\bin\msvcr100.dll
0x000000005d080000 - 0x000000005d8cb000 	E:\androidstudio4\jre\jre\bin\server\jvm.dll
0x00007ffa1aea0000 - 0x00007ffa1aea8000 	C:\Windows\System32\PSAPI.DLL
0x00007ffa156d0000 - 0x00007ffa156d9000 	C:\Windows\SYSTEM32\WSOCK32.dll
0x00007ffa12990000 - 0x00007ffa1299a000 	C:\Windows\SYSTEM32\VERSION.dll
0x00007ffa16f80000 - 0x00007ffa16fa4000 	C:\Windows\SYSTEM32\WINMM.dll
0x00007ffa1bf10000 - 0x00007ffa1bf7f000 	C:\Windows\System32\WS2_32.dll
0x00007ffa16f50000 - 0x00007ffa16f7d000 	C:\Windows\SYSTEM32\WINMMBASE.dll
0x00007ffa1acf0000 - 0x00007ffa1ad3a000 	C:\Windows\System32\cfgmgr32.dll
0x00007ffa122a0000 - 0x00007ffa122af000 	E:\androidstudio4\jre\jre\bin\verify.dll
0x00007ffa12270000 - 0x00007ffa12299000 	E:\androidstudio4\jre\jre\bin\java.dll
0x00007ffa0e990000 - 0x00007ffa0e9a6000 	E:\androidstudio4\jre\jre\bin\zip.dll
0x00007ffa1b0f0000 - 0x00007ffa1b7d5000 	C:\Windows\System32\SHELL32.dll
0x00007ffa1bb30000 - 0x00007ffa1bbd9000 	C:\Windows\System32\shcore.dll
0x00007ffa19d70000 - 0x00007ffa1a4f0000 	C:\Windows\System32\windows.storage.dll
0x00007ffa19d00000 - 0x00007ffa19d23000 	C:\Windows\System32\profapi.dll
0x00007ffa19cb0000 - 0x00007ffa19cfa000 	C:\Windows\System32\powrprof.dll
0x00007ffa19ca0000 - 0x00007ffa19cb0000 	C:\Windows\System32\UMPDC.dll
0x00007ffa1b7e0000 - 0x00007ffa1b832000 	C:\Windows\System32\shlwapi.dll
0x00007ffa19d30000 - 0x00007ffa19d41000 	C:\Windows\System32\kernel.appcore.dll
0x00007ffa1a730000 - 0x00007ffa1a747000 	C:\Windows\System32\cryptsp.dll
0x00007ffa0e970000 - 0x00007ffa0e98a000 	E:\androidstudio4\jre\jre\bin\net.dll
0x00007ffa194b0000 - 0x00007ffa19517000 	C:\Windows\system32\mswsock.dll
0x00007ffa094a0000 - 0x00007ffa094b3000 	E:\androidstudio4\jre\jre\bin\nio.dll
0x00007ffa02ab0000 - 0x00007ffa02ad6000 	C:\Users\yq17498\.gradle\native\30\windows-amd64\native-platform.dll
0x00007ffa12260000 - 0x00007ffa1226d000 	E:\androidstudio4\jre\jre\bin\management.dll
0x00007ffa19020000 - 0x00007ffa19053000 	C:\Windows\system32\rsaenh.dll
0x00007ffa1a780000 - 0x00007ffa1a7a6000 	C:\Windows\System32\bcrypt.dll
0x00007ffa19b90000 - 0x00007ffa19bb5000 	C:\Windows\SYSTEM32\USERENV.dll
0x00007ffa19680000 - 0x00007ffa1968c000 	C:\Windows\SYSTEM32\CRYPTBASE.dll
0x00007ffa191c0000 - 0x00007ffa191fa000 	C:\Windows\SYSTEM32\IPHLPAPI.DLL
0x00007ffa1ae90000 - 0x00007ffa1ae98000 	C:\Windows\System32\NSI.dll
0x00007ffa15aa0000 - 0x00007ffa15ab6000 	C:\Windows\SYSTEM32\dhcpcsvc6.DLL
0x00007ffa15990000 - 0x00007ffa159ac000 	C:\Windows\SYSTEM32\dhcpcsvc.DLL
0x00007ffa19200000 - 0x00007ffa192ca000 	C:\Windows\SYSTEM32\DNSAPI.dll
0x00007ffa08c90000 - 0x00007ffa08cb4000 	E:\androidstudio4\jre\jre\bin\sunec.dll
0x00007ffa14070000 - 0x00007ffa1407a000 	C:\Windows\System32\rasadhlp.dll
0x00007ffa15af0000 - 0x00007ffa15b67000 	C:\Windows\System32\fwpuclnt.dll
0x00007ffa11650000 - 0x00007ffa1165b000 	E:\androidstudio4\jre\jre\bin\sunmscapi.dll
0x00007ffa1ad40000 - 0x00007ffa1ae89000 	C:\Windows\System32\CRYPT32.dll
0x00007ffa19d50000 - 0x00007ffa19d62000 	C:\Windows\System32\MSASN1.dll

VM Arguments:
jvm_args: -Xmx1536m -Dfile.encoding=GBK -Duser.country=CN -Duser.language=zh -Duser.variant 
java_command: org.gradle.launcher.daemon.bootstrap.GradleDaemon 5.6.4
java_class_path (initial): C:\Users\yq17498\.gradle\wrapper\dists\gradle-5.6.4-all\ankdp27end7byghfw1q2sw75f\gradle-5.6.4\lib\gradle-launcher-5.6.4.jar
Launcher Type: SUN_STANDARD

Environment Variables:
PATH=C:\Windows\system32;C:\Windows;C:\Windows\System32\Wbem;C:\Windows\System32\WindowsPowerShell\v1.0\;C:\Windows\System32\OpenSSH\;E:\jdk14\bin;E:\AndroidSDK;C:\Users\yq17498\AppData\Local\Microsoft\WindowsApps;E:\Git\Git\cmd
USERNAME=YQ17498
OS=Windows_NT
PROCESSOR_IDENTIFIER=Intel64 Family 6 Model 158 Stepping 10, GenuineIntel



---------------  S Y S T E M  ---------------

OS: Windows 10.0 , 64 bit Build 18362 (10.0.18362.329)

CPU:total 6 (initial active 6) (6 cores per cpu, 1 threads per core) family 6 model 158 stepping 10, cmov, cx8, fxsr, mmx, sse, sse2, sse3, ssse3, sse4.1, sse4.2, popcnt, avx, avx2, aes, clmul, erms, rtm, 3dnowpref, lzcnt, tsc, tscinvbit, bmi1, bmi2, adx

Memory: 4k page, physical 8268572k(949260k free), swap 8268572k(5196k free)

vm_info: OpenJDK 64-Bit Server VM (25.242-b01) for windows-amd64 JRE (1.8.0_242-release-1644-b01), built by "builder" with MS VC++ 10.0 (VS2010)

time: Fri Jun 12 18:51:02 2020
timezone: 中国标准时间
elapsed time: 18 seconds (0d 0h 0m 18s)

